2022-02-02 00:23:50,074 INFO  [restartedMain] PokerApplication: Starting PokerApplication using Java 17.0.1 on lin33004946 with PID 9508 (C:\Users\snehadc\git\pokersessionplanning\PokerRestApi\target\classes started by snehadc in C:\Users\snehadc\git\pokersessionplanning\PokerRestApi)
2022-02-02 00:23:50,078 INFO  [restartedMain] PokerApplication: No active profile set, falling back to default profiles: default
2022-02-02 00:23:50,133 INFO  [restartedMain] DevToolsPropertyDefaultsPostProcessor: Devtools property defaults active! Set 'spring.devtools.add-properties' to 'false' to disable
2022-02-02 00:23:50,134 INFO  [restartedMain] DevToolsPropertyDefaultsPostProcessor: For additional web related logging consider setting the 'logging.level.web' property to 'DEBUG'
2022-02-02 00:23:50,811 INFO  [restartedMain] RepositoryConfigurationDelegate: Bootstrapping Spring Data JPA repositories in DEFAULT mode.
2022-02-02 00:23:50,881 INFO  [restartedMain] RepositoryConfigurationDelegate: Finished Spring Data repository scanning in 56 ms. Found 4 JPA repository interfaces.
2022-02-02 00:23:51,625 INFO  [restartedMain] TomcatWebServer: Tomcat initialized with port(s): 8081 (http)
2022-02-02 00:23:51,640 INFO  [restartedMain] Http11NioProtocol: Initializing ProtocolHandler ["http-nio-8081"]
2022-02-02 00:23:51,641 INFO  [restartedMain] StandardService: Starting service [Tomcat]
2022-02-02 00:23:51,641 INFO  [restartedMain] StandardEngine: Starting Servlet engine: [Apache Tomcat/9.0.55]
2022-02-02 00:23:51,723 INFO  [restartedMain] [/]: Initializing Spring embedded WebApplicationContext
2022-02-02 00:23:51,724 INFO  [restartedMain] ServletWebServerApplicationContext: Root WebApplicationContext: initialization completed in 1589 ms
2022-02-02 00:23:51,756 INFO  [restartedMain] HikariDataSource: HikariPool-1 - Starting...
2022-02-02 00:23:51,925 INFO  [restartedMain] HikariDataSource: HikariPool-1 - Start completed.
2022-02-02 00:23:51,934 INFO  [restartedMain] H2ConsoleAutoConfiguration: H2 console available at '/h2-console'. Database available at 'jdbc:h2:mem:testdb'
2022-02-02 00:23:52,117 INFO  [restartedMain] LogHelper: HHH000204: Processing PersistenceUnitInfo [name: default]
2022-02-02 00:23:52,179 INFO  [restartedMain] Version: HHH000412: Hibernate ORM core version 5.6.1.Final
2022-02-02 00:23:52,345 INFO  [restartedMain] Version: HCANN000001: Hibernate Commons Annotations {5.1.2.Final}
2022-02-02 00:23:52,446 INFO  [restartedMain] Dialect: HHH000400: Using dialect: org.hibernate.dialect.H2Dialect
2022-02-02 00:23:53,064 INFO  [restartedMain] JtaPlatformInitiator: HHH000490: Using JtaPlatform implementation: [org.hibernate.engine.transaction.jta.platform.internal.NoJtaPlatform]
2022-02-02 00:23:53,070 INFO  [restartedMain] LocalContainerEntityManagerFactoryBean: Initialized JPA EntityManagerFactory for persistence unit 'default'
2022-02-02 00:23:53,693 WARN  [restartedMain] JpaBaseConfiguration$JpaWebConfiguration: spring.jpa.open-in-view is enabled by default. Therefore, database queries may be performed during view rendering. Explicitly configure spring.jpa.open-in-view to disable this warning
2022-02-02 00:23:54,064 INFO  [restartedMain] OptionalLiveReloadServer: LiveReload server is running on port 35729
2022-02-02 00:23:54,081 INFO  [restartedMain] Http11NioProtocol: Starting ProtocolHandler ["http-nio-8081"]
2022-02-02 00:23:54,138 INFO  [restartedMain] TomcatWebServer: Tomcat started on port(s): 8081 (http) with context path ''
2022-02-02 00:23:54,150 INFO  [restartedMain] PokerApplication: Started PokerApplication in 4.392 seconds (JVM running for 4.977)
2022-02-02 00:24:30,524 INFO  [http-nio-8081-exec-2] [/]: Initializing Spring DispatcherServlet 'dispatcherServlet'
2022-02-02 00:24:30,525 INFO  [http-nio-8081-exec-2] DispatcherServlet: Initializing Servlet 'dispatcherServlet'
2022-02-02 00:24:30,526 INFO  [http-nio-8081-exec-2] DispatcherServlet: Completed initialization in 1 ms
2022-02-02 00:29:45,215 INFO  [Thread-6] LocalContainerEntityManagerFactoryBean: Closing JPA EntityManagerFactory for persistence unit 'default'
2022-02-02 00:29:45,216 INFO  [Thread-6] SchemaDropperImpl$DelayedDropActionImpl: HHH000477: Starting delayed evictData of schema as part of SessionFactory shut-down'
2022-02-02 00:29:45,448 WARN  [Thread-6] DisposableBeanAdapter: Invocation of destroy method failed on bean with name 'inMemoryDatabaseShutdownExecutor': org.h2.jdbc.JdbcSQLNonTransientConnectionException: Database is already closed (to disable automatic closing at VM shutdown, add ";DB_CLOSE_ON_EXIT=FALSE" to the db URL) [90121-200]
2022-02-02 00:29:45,450 INFO  [Thread-6] HikariDataSource: HikariPool-1 - Shutdown initiated...
2022-02-02 00:29:45,454 INFO  [Thread-6] HikariDataSource: HikariPool-1 - Shutdown completed.
2022-02-02 00:29:45,566 INFO  [restartedMain] PokerApplication: Starting PokerApplication using Java 17.0.1 on lin33004946 with PID 9508 (C:\Users\snehadc\git\pokersessionplanning\PokerRestApi\target\classes started by snehadc in C:\Users\snehadc\git\pokersessionplanning\PokerRestApi)
2022-02-02 00:29:45,567 INFO  [restartedMain] PokerApplication: No active profile set, falling back to default profiles: default
2022-02-02 00:29:45,802 INFO  [restartedMain] RepositoryConfigurationDelegate: Bootstrapping Spring Data JPA repositories in DEFAULT mode.
2022-02-02 00:29:45,821 INFO  [restartedMain] RepositoryConfigurationDelegate: Finished Spring Data repository scanning in 18 ms. Found 4 JPA repository interfaces.
2022-02-02 00:29:45,933 INFO  [restartedMain] TomcatWebServer: Tomcat initialized with port(s): 8081 (http)
2022-02-02 00:29:45,934 INFO  [restartedMain] Http11NioProtocol: Initializing ProtocolHandler ["http-nio-8081"]
2022-02-02 00:29:45,935 INFO  [restartedMain] StandardService: Starting service [Tomcat]
2022-02-02 00:29:45,936 INFO  [restartedMain] StandardEngine: Starting Servlet engine: [Apache Tomcat/9.0.55]
2022-02-02 00:29:45,969 INFO  [restartedMain] [/]: Initializing Spring embedded WebApplicationContext
2022-02-02 00:29:45,970 INFO  [restartedMain] ServletWebServerApplicationContext: Root WebApplicationContext: initialization completed in 401 ms
2022-02-02 00:29:45,984 INFO  [restartedMain] HikariDataSource: HikariPool-2 - Starting...
2022-02-02 00:29:45,988 INFO  [restartedMain] HikariDataSource: HikariPool-2 - Start completed.
2022-02-02 00:29:45,989 INFO  [restartedMain] H2ConsoleAutoConfiguration: H2 console available at '/h2-console'. Database available at 'jdbc:h2:mem:testdb'
2022-02-02 00:29:46,019 INFO  [restartedMain] LogHelper: HHH000204: Processing PersistenceUnitInfo [name: default]
2022-02-02 00:29:46,025 INFO  [restartedMain] Dialect: HHH000400: Using dialect: org.hibernate.dialect.H2Dialect
2022-02-02 00:29:46,089 INFO  [restartedMain] JtaPlatformInitiator: HHH000490: Using JtaPlatform implementation: [org.hibernate.engine.transaction.jta.platform.internal.NoJtaPlatform]
2022-02-02 00:29:46,090 INFO  [restartedMain] LocalContainerEntityManagerFactoryBean: Initialized JPA EntityManagerFactory for persistence unit 'default'
2022-02-02 00:29:46,223 WARN  [restartedMain] JpaBaseConfiguration$JpaWebConfiguration: spring.jpa.open-in-view is enabled by default. Therefore, database queries may be performed during view rendering. Explicitly configure spring.jpa.open-in-view to disable this warning
2022-02-02 00:29:46,298 INFO  [restartedMain] OptionalLiveReloadServer: LiveReload server is running on port 35729
2022-02-02 00:29:46,302 INFO  [restartedMain] Http11NioProtocol: Starting ProtocolHandler ["http-nio-8081"]
2022-02-02 00:29:46,306 INFO  [restartedMain] TomcatWebServer: Tomcat started on port(s): 8081 (http) with context path ''
2022-02-02 00:29:46,309 INFO  [restartedMain] PokerApplication: Started PokerApplication in 0.792 seconds (JVM running for 357.135)
2022-02-02 00:29:46,310 INFO  [restartedMain] ConditionEvaluationDeltaLoggingListener: Condition evaluation unchanged
2022-02-02 09:11:57,925 INFO  [restartedMain] PokerApplication: Starting PokerApplication using Java 17.0.1 on lin33004946 with PID 6164 (C:\Users\snehadc\git\pokersessionplanning\PokerRestApi\target\classes started by snehadc in C:\Users\snehadc\git\pokersessionplanning\PokerRestApi)
2022-02-02 09:11:57,929 INFO  [restartedMain] PokerApplication: No active profile set, falling back to default profiles: default
2022-02-02 09:11:57,982 INFO  [restartedMain] DevToolsPropertyDefaultsPostProcessor: Devtools property defaults active! Set 'spring.devtools.add-properties' to 'false' to disable
2022-02-02 09:11:57,983 INFO  [restartedMain] DevToolsPropertyDefaultsPostProcessor: For additional web related logging consider setting the 'logging.level.web' property to 'DEBUG'
2022-02-02 09:11:58,567 INFO  [restartedMain] RepositoryConfigurationDelegate: Bootstrapping Spring Data JPA repositories in DEFAULT mode.
2022-02-02 09:11:58,643 INFO  [restartedMain] RepositoryConfigurationDelegate: Finished Spring Data repository scanning in 64 ms. Found 4 JPA repository interfaces.
2022-02-02 09:11:59,351 INFO  [restartedMain] TomcatWebServer: Tomcat initialized with port(s): 8081 (http)
2022-02-02 09:11:59,361 INFO  [restartedMain] Http11NioProtocol: Initializing ProtocolHandler ["http-nio-8081"]
2022-02-02 09:11:59,362 INFO  [restartedMain] StandardService: Starting service [Tomcat]
2022-02-02 09:11:59,363 INFO  [restartedMain] StandardEngine: Starting Servlet engine: [Apache Tomcat/9.0.55]
2022-02-02 09:11:59,438 INFO  [restartedMain] [/]: Initializing Spring embedded WebApplicationContext
2022-02-02 09:11:59,438 INFO  [restartedMain] ServletWebServerApplicationContext: Root WebApplicationContext: initialization completed in 1454 ms
2022-02-02 09:11:59,464 INFO  [restartedMain] HikariDataSource: HikariPool-1 - Starting...
2022-02-02 09:11:59,611 INFO  [restartedMain] HikariDataSource: HikariPool-1 - Start completed.
2022-02-02 09:11:59,624 INFO  [restartedMain] H2ConsoleAutoConfiguration: H2 console available at '/h2-console'. Database available at 'jdbc:h2:mem:testdb'
2022-02-02 09:11:59,819 INFO  [restartedMain] LogHelper: HHH000204: Processing PersistenceUnitInfo [name: default]
2022-02-02 09:11:59,870 INFO  [restartedMain] Version: HHH000412: Hibernate ORM core version 5.6.1.Final
2022-02-02 09:12:00,006 INFO  [restartedMain] Version: HCANN000001: Hibernate Commons Annotations {5.1.2.Final}
2022-02-02 09:12:00,118 INFO  [restartedMain] Dialect: HHH000400: Using dialect: org.hibernate.dialect.H2Dialect
2022-02-02 09:12:00,670 INFO  [restartedMain] JtaPlatformInitiator: HHH000490: Using JtaPlatform implementation: [org.hibernate.engine.transaction.jta.platform.internal.NoJtaPlatform]
2022-02-02 09:12:00,676 INFO  [restartedMain] LocalContainerEntityManagerFactoryBean: Initialized JPA EntityManagerFactory for persistence unit 'default'
2022-02-02 09:12:01,207 WARN  [restartedMain] JpaBaseConfiguration$JpaWebConfiguration: spring.jpa.open-in-view is enabled by default. Therefore, database queries may be performed during view rendering. Explicitly configure spring.jpa.open-in-view to disable this warning
2022-02-02 09:12:01,547 INFO  [restartedMain] OptionalLiveReloadServer: LiveReload server is running on port 35729
2022-02-02 09:12:01,561 INFO  [restartedMain] Http11NioProtocol: Starting ProtocolHandler ["http-nio-8081"]
2022-02-02 09:12:01,606 INFO  [restartedMain] TomcatWebServer: Tomcat started on port(s): 8081 (http) with context path ''
2022-02-02 09:12:01,619 INFO  [restartedMain] PokerApplication: Started PokerApplication in 4.015 seconds (JVM running for 4.552)
2022-02-02 09:13:48,439 INFO  [http-nio-8081-exec-2] [/]: Initializing Spring DispatcherServlet 'dispatcherServlet'
2022-02-02 09:13:48,439 INFO  [http-nio-8081-exec-2] DispatcherServlet: Initializing Servlet 'dispatcherServlet'
2022-02-02 09:13:48,440 INFO  [http-nio-8081-exec-2] DispatcherServlet: Completed initialization in 1 ms
2022-02-02 09:13:48,520 INFO  [http-nio-8081-exec-2] SessionController: createSession start
2022-02-02 09:13:48,521 INFO  [http-nio-8081-exec-2] SessionServiceImpl: createSession start
2022-02-02 09:13:48,619 INFO  [http-nio-8081-exec-2] SessionServiceImpl: createSession end
2022-02-02 09:13:48,619 INFO  [http-nio-8081-exec-2] SessionController: createSession end
2022-02-02 09:14:03,713 INFO  [http-nio-8081-exec-3] SessionController: createSession start
2022-02-02 09:14:03,714 INFO  [http-nio-8081-exec-3] SessionServiceImpl: createSession start
2022-02-02 09:14:03,718 INFO  [http-nio-8081-exec-3] SessionServiceImpl: createSession end
2022-02-02 09:14:03,718 INFO  [http-nio-8081-exec-3] SessionController: createSession end
2022-02-02 09:14:08,524 INFO  [http-nio-8081-exec-4] SessionController: getAllSessions start
2022-02-02 09:14:08,552 INFO  [http-nio-8081-exec-4] SessionController: getAllSessions end
2022-02-02 09:14:12,653 INFO  [http-nio-8081-exec-5] SessionController: getSessionById start
2022-02-02 09:14:12,654 INFO  [http-nio-8081-exec-5] SessionServiceImpl: getSessionById start
2022-02-02 09:14:12,655 INFO  [http-nio-8081-exec-5] SessionServiceImpl: getSessionById end
2022-02-02 09:14:12,656 ERROR [http-nio-8081-exec-5] SessionController: Exception raised when there is no session with the given sessionId
2022-02-02 09:14:12,660 WARN  [http-nio-8081-exec-5] ResponseStatusExceptionResolver: Resolved [com.pokerrestapi.exception.SessionNotFoundException: Session not found]
2022-02-02 09:14:32,638 INFO  [http-nio-8081-exec-6] SessionController: getSessionById start
2022-02-02 09:14:32,639 INFO  [http-nio-8081-exec-6] SessionServiceImpl: getSessionById start
2022-02-02 09:14:32,640 INFO  [http-nio-8081-exec-6] SessionServiceImpl: getSessionById end
2022-02-02 09:14:32,641 INFO  [http-nio-8081-exec-6] SessionController: getSessionById end
2022-02-02 09:14:37,335 INFO  [http-nio-8081-exec-7] SessionController: getAllActiveSessions start
2022-02-02 09:14:37,335 INFO  [http-nio-8081-exec-7] SessionServiceImpl: getAllActiveSessions start
2022-02-02 09:14:37,337 INFO  [http-nio-8081-exec-7] SessionServiceImpl: getAllActiveSessions end
2022-02-02 09:14:37,337 INFO  [http-nio-8081-exec-7] SessionController: getAllActiveSessions end
2022-02-02 09:14:42,399 INFO  [http-nio-8081-exec-8] SessionController: getTitleOfTheSession start
2022-02-02 09:14:42,400 INFO  [http-nio-8081-exec-8] SessionServiceImpl: getTitleOfTheSession start
2022-02-02 09:14:42,407 INFO  [http-nio-8081-exec-8] SessionServiceImpl: getTitleOfTheSession end
2022-02-02 09:14:42,409 INFO  [http-nio-8081-exec-8] SessionController: getTitleOfTheSession end
2022-02-02 09:14:50,311 INFO  [http-nio-8081-exec-9] SessionController: destroySession start
2022-02-02 09:14:55,335 INFO  [http-nio-8081-exec-10] SessionController: getAllSessions start
2022-02-02 09:14:55,337 INFO  [http-nio-8081-exec-10] SessionController: getAllSessions end
2022-02-02 09:15:05,079 INFO  [http-nio-8081-exec-1] SessionController: addUpdateMember start
2022-02-02 09:15:05,079 INFO  [http-nio-8081-exec-1] SessionServiceImpl: addUpdateMember start
2022-02-02 09:15:05,083 WARN  [http-nio-8081-exec-1] ResponseStatusExceptionResolver: Resolved [com.pokerrestapi.exception.UpdateMemberException: unable to add and update member]
2022-02-02 09:15:32,584 INFO  [http-nio-8081-exec-2] SessionController: addUpdateMember start
2022-02-02 09:15:32,584 INFO  [http-nio-8081-exec-2] SessionServiceImpl: addUpdateMember start
2022-02-02 09:15:32,592 INFO  [http-nio-8081-exec-2] SessionServiceImpl: addUpdateMember end
2022-02-02 09:15:32,592 INFO  [http-nio-8081-exec-2] SessionController: addUpdateMember end
2022-02-02 09:15:40,687 INFO  [http-nio-8081-exec-3] SessionController: addUpdateMember start
2022-02-02 09:15:40,688 INFO  [http-nio-8081-exec-3] SessionServiceImpl: addUpdateMember start
2022-02-02 09:15:40,693 INFO  [http-nio-8081-exec-3] SessionServiceImpl: addUpdateMember end
2022-02-02 09:15:40,694 INFO  [http-nio-8081-exec-3] SessionController: addUpdateMember end
2022-02-02 09:15:47,404 INFO  [http-nio-8081-exec-4] SessionController: addUpdateMember start
2022-02-02 09:15:47,404 INFO  [http-nio-8081-exec-4] SessionServiceImpl: addUpdateMember start
2022-02-02 09:15:47,409 INFO  [http-nio-8081-exec-4] SessionServiceImpl: addUpdateMember end
2022-02-02 09:15:47,409 INFO  [http-nio-8081-exec-4] SessionController: addUpdateMember end
2022-02-02 09:15:55,030 INFO  [http-nio-8081-exec-5] SessionController: getMembersInSession start
2022-02-02 09:15:55,030 INFO  [http-nio-8081-exec-5] SessionServiceImpl: getMembersInSession start
2022-02-02 09:15:55,034 INFO  [http-nio-8081-exec-5] SessionServiceImpl: getMembersInSession end
2022-02-02 09:15:55,034 INFO  [http-nio-8081-exec-5] SessionController: getMembersInSession end
2022-02-02 09:16:08,121 INFO  [http-nio-8081-exec-6] SessionController: getUserStoryListInSession start
2022-02-02 09:16:08,122 INFO  [http-nio-8081-exec-6] SessionServiceImpl: getUserStoryListInSession start
2022-02-02 09:16:08,124 WARN  [http-nio-8081-exec-6] ResponseStatusExceptionResolver: Resolved [com.pokerrestapi.exception.SessionNotFoundException: Session not found]
2022-02-02 09:16:17,280 INFO  [http-nio-8081-exec-7] SessionController: getUserStoryListInSession start
2022-02-02 09:16:17,281 INFO  [http-nio-8081-exec-7] SessionServiceImpl: getUserStoryListInSession start
2022-02-02 09:16:17,282 INFO  [http-nio-8081-exec-7] SessionServiceImpl: getUserStoryListInSession end
2022-02-02 09:16:17,283 WARN  [http-nio-8081-exec-7] ResponseStatusExceptionResolver: Resolved [com.pokerrestapi.exception.UserStoryNotFoundException: UserStory not found]
2022-02-02 09:16:33,144 INFO  [http-nio-8081-exec-8] UserStoryController: addUserStory start
2022-02-02 09:16:33,144 INFO  [http-nio-8081-exec-8] UserStoryServiceImpl: addUserStory start
2022-02-02 09:16:33,145 INFO  [http-nio-8081-exec-8] UserStoryServiceImpl: addUserStory end
2022-02-02 09:16:33,152 INFO  [http-nio-8081-exec-8] UserStoryController: addUserStory end
2022-02-02 09:16:39,498 INFO  [http-nio-8081-exec-9] UserStoryController: addUserStory start
2022-02-02 09:16:39,498 INFO  [http-nio-8081-exec-9] UserStoryServiceImpl: addUserStory start
2022-02-02 09:16:39,499 INFO  [http-nio-8081-exec-9] UserStoryServiceImpl: addUserStory end
2022-02-02 09:16:39,502 INFO  [http-nio-8081-exec-9] UserStoryController: addUserStory end
2022-02-02 09:16:44,356 INFO  [http-nio-8081-exec-10] UserStoryController: addUserStory start
2022-02-02 09:16:44,356 INFO  [http-nio-8081-exec-10] UserStoryServiceImpl: addUserStory start
2022-02-02 09:16:44,357 INFO  [http-nio-8081-exec-10] UserStoryServiceImpl: addUserStory end
2022-02-02 09:16:44,361 INFO  [http-nio-8081-exec-10] UserStoryController: addUserStory end
2022-02-02 09:16:50,001 INFO  [http-nio-8081-exec-1] UserStoryController: getUserStory start
2022-02-02 09:16:50,002 INFO  [http-nio-8081-exec-1] UserStoryServiceImpl: getUserStory start
2022-02-02 09:16:50,007 INFO  [http-nio-8081-exec-1] UserStoryServiceImpl: getUserStory end
2022-02-02 09:16:50,008 INFO  [http-nio-8081-exec-1] UserStoryController: getUserStory end
2022-02-02 09:16:55,148 INFO  [http-nio-8081-exec-2] UserStoryController: getUserStory start
2022-02-02 09:16:55,148 INFO  [http-nio-8081-exec-2] UserStoryServiceImpl: getUserStory start
2022-02-02 09:16:55,150 INFO  [http-nio-8081-exec-2] UserStoryServiceImpl: getUserStory end
2022-02-02 09:16:55,151 INFO  [http-nio-8081-exec-2] UserStoryController: getUserStory end
2022-02-02 09:16:59,561 INFO  [http-nio-8081-exec-3] UserStoryController: getUserStory start
2022-02-02 09:16:59,561 INFO  [http-nio-8081-exec-3] UserStoryServiceImpl: getUserStory start
2022-02-02 09:16:59,564 INFO  [http-nio-8081-exec-3] UserStoryServiceImpl: getUserStory end
2022-02-02 09:16:59,564 INFO  [http-nio-8081-exec-3] UserStoryController: getUserStory end
2022-02-02 09:17:04,719 INFO  [http-nio-8081-exec-4] UserStoryController: getUserStory start
2022-02-02 09:17:04,719 INFO  [http-nio-8081-exec-4] UserStoryServiceImpl: getUserStory start
2022-02-02 09:17:04,720 INFO  [http-nio-8081-exec-4] UserStoryServiceImpl: getUserStory end
2022-02-02 09:17:04,720 ERROR [http-nio-8081-exec-4] UserStoryController: Exception raised while getting the userStory if there is no userStory with the given uStoryId 
2022-02-02 09:17:04,721 WARN  [http-nio-8081-exec-4] ResponseStatusExceptionResolver: Resolved [com.pokerrestapi.exception.UserStoryNotFoundException: UserStory not found]
2022-02-02 09:17:08,751 INFO  [http-nio-8081-exec-5] UserStoryController: getAllUserStories start
2022-02-02 09:17:08,752 INFO  [http-nio-8081-exec-5] UserStoryServiceImpl: getAllUserStories start
2022-02-02 09:17:08,757 INFO  [http-nio-8081-exec-5] UserStoryServiceImpl: getAllUserStories end
2022-02-02 09:17:08,757 INFO  [http-nio-8081-exec-5] UserStoryController: getAllUserStories end
2022-02-02 09:36:36,342 INFO  [restartedMain] PokerApplication: Starting PokerApplication using Java 17.0.1 on lin33004946 with PID 13456 (C:\Users\snehadc\git\pokersessionplanning\PokerRestApi\target\classes started by snehadc in C:\Users\snehadc\git\pokersessionplanning\PokerRestApi)
2022-02-02 09:36:36,346 INFO  [restartedMain] PokerApplication: No active profile set, falling back to default profiles: default
2022-02-02 09:36:36,396 INFO  [restartedMain] DevToolsPropertyDefaultsPostProcessor: Devtools property defaults active! Set 'spring.devtools.add-properties' to 'false' to disable
2022-02-02 09:36:36,396 INFO  [restartedMain] DevToolsPropertyDefaultsPostProcessor: For additional web related logging consider setting the 'logging.level.web' property to 'DEBUG'
2022-02-02 09:36:37,006 INFO  [restartedMain] RepositoryConfigurationDelegate: Bootstrapping Spring Data JPA repositories in DEFAULT mode.
2022-02-02 09:36:37,081 INFO  [restartedMain] RepositoryConfigurationDelegate: Finished Spring Data repository scanning in 65 ms. Found 4 JPA repository interfaces.
2022-02-02 09:36:37,780 INFO  [restartedMain] TomcatWebServer: Tomcat initialized with port(s): 8081 (http)
2022-02-02 09:36:37,791 INFO  [restartedMain] Http11NioProtocol: Initializing ProtocolHandler ["http-nio-8081"]
2022-02-02 09:36:37,792 INFO  [restartedMain] StandardService: Starting service [Tomcat]
2022-02-02 09:36:37,792 INFO  [restartedMain] StandardEngine: Starting Servlet engine: [Apache Tomcat/9.0.55]
2022-02-02 09:36:37,864 INFO  [restartedMain] [/]: Initializing Spring embedded WebApplicationContext
2022-02-02 09:36:37,865 INFO  [restartedMain] ServletWebServerApplicationContext: Root WebApplicationContext: initialization completed in 1468 ms
2022-02-02 09:36:37,895 INFO  [restartedMain] HikariDataSource: HikariPool-1 - Starting...
2022-02-02 09:36:38,068 INFO  [restartedMain] HikariDataSource: HikariPool-1 - Start completed.
2022-02-02 09:36:38,079 INFO  [restartedMain] H2ConsoleAutoConfiguration: H2 console available at '/h2-console'. Database available at 'jdbc:h2:mem:testdb'
2022-02-02 09:36:38,267 INFO  [restartedMain] LogHelper: HHH000204: Processing PersistenceUnitInfo [name: default]
2022-02-02 09:36:38,312 INFO  [restartedMain] Version: HHH000412: Hibernate ORM core version 5.6.1.Final
2022-02-02 09:36:38,442 INFO  [restartedMain] Version: HCANN000001: Hibernate Commons Annotations {5.1.2.Final}
2022-02-02 09:36:38,552 INFO  [restartedMain] Dialect: HHH000400: Using dialect: org.hibernate.dialect.H2Dialect
2022-02-02 09:36:39,137 INFO  [restartedMain] JtaPlatformInitiator: HHH000490: Using JtaPlatform implementation: [org.hibernate.engine.transaction.jta.platform.internal.NoJtaPlatform]
2022-02-02 09:36:39,144 INFO  [restartedMain] LocalContainerEntityManagerFactoryBean: Initialized JPA EntityManagerFactory for persistence unit 'default'
2022-02-02 09:36:39,669 WARN  [restartedMain] JpaBaseConfiguration$JpaWebConfiguration: spring.jpa.open-in-view is enabled by default. Therefore, database queries may be performed during view rendering. Explicitly configure spring.jpa.open-in-view to disable this warning
2022-02-02 09:36:40,017 INFO  [restartedMain] OptionalLiveReloadServer: LiveReload server is running on port 35729
2022-02-02 09:36:40,033 INFO  [restartedMain] Http11NioProtocol: Starting ProtocolHandler ["http-nio-8081"]
2022-02-02 09:36:40,078 INFO  [restartedMain] TomcatWebServer: Tomcat started on port(s): 8081 (http) with context path ''
2022-02-02 09:36:40,090 INFO  [restartedMain] PokerApplication: Started PokerApplication in 4.069 seconds (JVM running for 4.631)
2022-02-02 09:36:45,695 INFO  [http-nio-8081-exec-2] [/]: Initializing Spring DispatcherServlet 'dispatcherServlet'
2022-02-02 09:36:45,695 INFO  [http-nio-8081-exec-2] DispatcherServlet: Initializing Servlet 'dispatcherServlet'
2022-02-02 09:36:45,696 INFO  [http-nio-8081-exec-2] DispatcherServlet: Completed initialization in 1 ms
2022-02-02 09:36:45,790 INFO  [http-nio-8081-exec-2] SessionController: createSession start
2022-02-02 09:36:45,790 INFO  [http-nio-8081-exec-2] SessionServiceImpl: createSession start
2022-02-02 09:36:45,887 INFO  [http-nio-8081-exec-2] SessionServiceImpl: createSession end
2022-02-02 09:36:45,888 INFO  [http-nio-8081-exec-2] SessionController: createSession end
2022-02-02 09:36:50,650 INFO  [http-nio-8081-exec-3] SessionController: getAllSessions start
2022-02-02 09:36:50,678 INFO  [http-nio-8081-exec-3] SessionController: getAllSessions end
2022-02-02 09:36:54,846 INFO  [http-nio-8081-exec-4] SessionController: getSessionById start
2022-02-02 09:36:54,847 INFO  [http-nio-8081-exec-4] SessionServiceImpl: getSessionById start
2022-02-02 09:36:54,849 INFO  [http-nio-8081-exec-4] SessionServiceImpl: getSessionById end
2022-02-02 09:36:54,849 ERROR [http-nio-8081-exec-4] SessionController: Exception raised when there is no session with the given sessionId
2022-02-02 09:36:54,853 WARN  [http-nio-8081-exec-4] ResponseStatusExceptionResolver: Resolved [com.pokerrestapi.exception.SessionNotFoundException: Session not found]
2022-02-02 11:03:11,955 INFO  [main] SessionServiceImpl: getTitleOfTheSession start
2022-02-02 11:03:11,961 INFO  [main] SessionServiceImpl: getTitleOfTheSession end
2022-02-02 11:03:11,976 INFO  [main] SessionServiceImpl: getSessionById start
2022-02-02 11:03:11,977 INFO  [main] SessionServiceImpl: getSessionById end
2022-02-02 11:03:11,983 INFO  [main] SessionServiceImpl: createSession start
2022-02-02 11:03:11,984 INFO  [main] SessionServiceImpl: createSession end
2022-02-02 11:03:11,986 INFO  [main] SessionServiceImpl: getUserStoryListInSession start
2022-02-02 11:03:11,987 INFO  [main] SessionServiceImpl: getUserStoryListInSession end
2022-02-02 11:03:11,989 INFO  [main] SessionServiceImpl: getMembersInSession start
2022-02-02 11:03:11,989 INFO  [main] SessionServiceImpl: getMembersInSession end
2022-02-02 11:03:11,992 INFO  [main] SessionServiceImpl: addUpdateMember start
2022-02-02 11:03:25,564 INFO  [main] SessionServiceImpl: getTitleOfTheSession start
2022-02-02 11:03:25,569 INFO  [main] SessionServiceImpl: getTitleOfTheSession end
2022-02-02 11:03:25,582 INFO  [main] SessionServiceImpl: getSessionById start
2022-02-02 11:03:25,582 INFO  [main] SessionServiceImpl: getSessionById end
2022-02-02 11:03:25,588 INFO  [main] SessionServiceImpl: createSession start
2022-02-02 11:03:25,588 INFO  [main] SessionServiceImpl: createSession end
2022-02-02 11:03:25,590 INFO  [main] SessionServiceImpl: getUserStoryListInSession start
2022-02-02 11:03:25,590 INFO  [main] SessionServiceImpl: getUserStoryListInSession end
2022-02-02 11:03:25,593 INFO  [main] SessionServiceImpl: getMembersInSession start
2022-02-02 11:03:25,593 INFO  [main] SessionServiceImpl: getMembersInSession end
2022-02-02 11:03:25,595 INFO  [main] SessionServiceImpl: addUpdateMember start
2022-02-02 11:03:41,010 INFO  [restartedMain] PokerApplication: Starting PokerApplication using Java 17.0.1 on lin33004946 with PID 16428 (C:\Users\snehadc\git\pokersessionplanning\PokerRestApi\target\classes started by snehadc in C:\Users\snehadc\git\pokersessionplanning\PokerRestApi)
2022-02-02 11:03:41,014 INFO  [restartedMain] PokerApplication: No active profile set, falling back to default profiles: default
2022-02-02 11:03:41,070 INFO  [restartedMain] DevToolsPropertyDefaultsPostProcessor: Devtools property defaults active! Set 'spring.devtools.add-properties' to 'false' to disable
2022-02-02 11:03:41,071 INFO  [restartedMain] DevToolsPropertyDefaultsPostProcessor: For additional web related logging consider setting the 'logging.level.web' property to 'DEBUG'
2022-02-02 11:03:41,696 INFO  [restartedMain] RepositoryConfigurationDelegate: Bootstrapping Spring Data JPA repositories in DEFAULT mode.
2022-02-02 11:03:41,771 INFO  [restartedMain] RepositoryConfigurationDelegate: Finished Spring Data repository scanning in 61 ms. Found 4 JPA repository interfaces.
2022-02-02 11:03:42,548 INFO  [restartedMain] TomcatWebServer: Tomcat initialized with port(s): 8081 (http)
2022-02-02 11:03:42,562 INFO  [restartedMain] Http11NioProtocol: Initializing ProtocolHandler ["http-nio-8081"]
2022-02-02 11:03:42,563 INFO  [restartedMain] StandardService: Starting service [Tomcat]
2022-02-02 11:03:42,563 INFO  [restartedMain] StandardEngine: Starting Servlet engine: [Apache Tomcat/9.0.55]
2022-02-02 11:03:42,636 INFO  [restartedMain] [/]: Initializing Spring embedded WebApplicationContext
2022-02-02 11:03:42,636 INFO  [restartedMain] ServletWebServerApplicationContext: Root WebApplicationContext: initialization completed in 1564 ms
2022-02-02 11:03:42,665 INFO  [restartedMain] HikariDataSource: HikariPool-1 - Starting...
2022-02-02 11:03:42,850 INFO  [restartedMain] HikariDataSource: HikariPool-1 - Start completed.
2022-02-02 11:03:42,863 INFO  [restartedMain] H2ConsoleAutoConfiguration: H2 console available at '/h2-console'. Database available at 'jdbc:h2:mem:testdb'
2022-02-02 11:03:43,053 INFO  [restartedMain] LogHelper: HHH000204: Processing PersistenceUnitInfo [name: default]
2022-02-02 11:03:43,097 INFO  [restartedMain] Version: HHH000412: Hibernate ORM core version 5.6.1.Final
2022-02-02 11:03:43,240 INFO  [restartedMain] Version: HCANN000001: Hibernate Commons Annotations {5.1.2.Final}
2022-02-02 11:03:43,352 INFO  [restartedMain] Dialect: HHH000400: Using dialect: org.hibernate.dialect.H2Dialect
2022-02-02 11:03:43,919 INFO  [restartedMain] JtaPlatformInitiator: HHH000490: Using JtaPlatform implementation: [org.hibernate.engine.transaction.jta.platform.internal.NoJtaPlatform]
2022-02-02 11:03:43,926 INFO  [restartedMain] LocalContainerEntityManagerFactoryBean: Initialized JPA EntityManagerFactory for persistence unit 'default'
2022-02-02 11:03:44,459 WARN  [restartedMain] JpaBaseConfiguration$JpaWebConfiguration: spring.jpa.open-in-view is enabled by default. Therefore, database queries may be performed during view rendering. Explicitly configure spring.jpa.open-in-view to disable this warning
2022-02-02 11:03:44,845 INFO  [restartedMain] OptionalLiveReloadServer: LiveReload server is running on port 35729
2022-02-02 11:03:44,861 INFO  [restartedMain] Http11NioProtocol: Starting ProtocolHandler ["http-nio-8081"]
2022-02-02 11:03:44,913 INFO  [restartedMain] TomcatWebServer: Tomcat started on port(s): 8081 (http) with context path ''
2022-02-02 11:03:44,927 INFO  [restartedMain] PokerApplication: Started PokerApplication in 4.252 seconds (JVM running for 4.883)
2022-02-02 11:04:38,783 INFO  [restartedMain] PokerApplication: Starting PokerApplication using Java 17.0.1 on lin33004946 with PID 2340 (C:\Users\snehadc\git\pokersessionplanning\PokerRestApi\target\classes started by snehadc in C:\Users\snehadc\git\pokersessionplanning\PokerRestApi)
2022-02-02 11:04:38,787 INFO  [restartedMain] PokerApplication: No active profile set, falling back to default profiles: default
2022-02-02 11:04:38,836 INFO  [restartedMain] DevToolsPropertyDefaultsPostProcessor: Devtools property defaults active! Set 'spring.devtools.add-properties' to 'false' to disable
2022-02-02 11:04:38,837 INFO  [restartedMain] DevToolsPropertyDefaultsPostProcessor: For additional web related logging consider setting the 'logging.level.web' property to 'DEBUG'
2022-02-02 11:04:39,475 INFO  [restartedMain] RepositoryConfigurationDelegate: Bootstrapping Spring Data JPA repositories in DEFAULT mode.
2022-02-02 11:04:39,552 INFO  [restartedMain] RepositoryConfigurationDelegate: Finished Spring Data repository scanning in 65 ms. Found 4 JPA repository interfaces.
2022-02-02 11:04:40,297 INFO  [restartedMain] TomcatWebServer: Tomcat initialized with port(s): 8081 (http)
2022-02-02 11:04:40,306 INFO  [restartedMain] Http11NioProtocol: Initializing ProtocolHandler ["http-nio-8081"]
2022-02-02 11:04:40,307 INFO  [restartedMain] StandardService: Starting service [Tomcat]
2022-02-02 11:04:40,307 INFO  [restartedMain] StandardEngine: Starting Servlet engine: [Apache Tomcat/9.0.55]
2022-02-02 11:04:40,402 INFO  [restartedMain] [/]: Initializing Spring embedded WebApplicationContext
2022-02-02 11:04:40,402 INFO  [restartedMain] ServletWebServerApplicationContext: Root WebApplicationContext: initialization completed in 1564 ms
2022-02-02 11:04:40,443 INFO  [restartedMain] HikariDataSource: HikariPool-1 - Starting...
2022-02-02 11:04:40,612 INFO  [restartedMain] HikariDataSource: HikariPool-1 - Start completed.
2022-02-02 11:04:40,625 INFO  [restartedMain] H2ConsoleAutoConfiguration: H2 console available at '/h2-console'. Database available at 'jdbc:h2:mem:testdb'
2022-02-02 11:04:40,824 INFO  [restartedMain] LogHelper: HHH000204: Processing PersistenceUnitInfo [name: default]
2022-02-02 11:04:40,877 INFO  [restartedMain] Version: HHH000412: Hibernate ORM core version 5.6.1.Final
2022-02-02 11:04:41,029 INFO  [restartedMain] Version: HCANN000001: Hibernate Commons Annotations {5.1.2.Final}
2022-02-02 11:04:41,151 INFO  [restartedMain] Dialect: HHH000400: Using dialect: org.hibernate.dialect.H2Dialect
2022-02-02 11:04:41,820 INFO  [restartedMain] JtaPlatformInitiator: HHH000490: Using JtaPlatform implementation: [org.hibernate.engine.transaction.jta.platform.internal.NoJtaPlatform]
2022-02-02 11:04:41,826 INFO  [restartedMain] LocalContainerEntityManagerFactoryBean: Initialized JPA EntityManagerFactory for persistence unit 'default'
2022-02-02 11:04:42,392 WARN  [restartedMain] JpaBaseConfiguration$JpaWebConfiguration: spring.jpa.open-in-view is enabled by default. Therefore, database queries may be performed during view rendering. Explicitly configure spring.jpa.open-in-view to disable this warning
2022-02-02 11:04:42,774 INFO  [restartedMain] OptionalLiveReloadServer: LiveReload server is running on port 35729
2022-02-02 11:04:42,788 INFO  [restartedMain] Http11NioProtocol: Starting ProtocolHandler ["http-nio-8081"]
2022-02-02 11:04:42,840 INFO  [restartedMain] TomcatWebServer: Tomcat started on port(s): 8081 (http) with context path ''
2022-02-02 11:04:42,857 INFO  [restartedMain] PokerApplication: Started PokerApplication in 4.404 seconds (JVM running for 4.961)
2022-02-02 11:04:48,725 INFO  [http-nio-8081-exec-2] [/]: Initializing Spring DispatcherServlet 'dispatcherServlet'
2022-02-02 11:04:48,725 INFO  [http-nio-8081-exec-2] DispatcherServlet: Initializing Servlet 'dispatcherServlet'
2022-02-02 11:04:48,726 INFO  [http-nio-8081-exec-2] DispatcherServlet: Completed initialization in 1 ms
2022-02-02 11:04:48,824 INFO  [http-nio-8081-exec-2] SessionController: createSession start
2022-02-02 11:04:48,825 INFO  [http-nio-8081-exec-2] SessionServiceImpl: createSession start
2022-02-02 11:04:48,926 INFO  [http-nio-8081-exec-2] SessionServiceImpl: createSession end
2022-02-02 11:04:48,927 INFO  [http-nio-8081-exec-2] SessionController: createSession end
2022-02-02 11:04:52,097 INFO  [http-nio-8081-exec-3] SessionController: getAllSessions start
2022-02-02 11:04:52,121 INFO  [http-nio-8081-exec-3] SessionController: getAllSessions end
2022-02-02 11:05:00,769 INFO  [http-nio-8081-exec-4] UserStoryController: addUserStory start
2022-02-02 11:05:00,769 INFO  [http-nio-8081-exec-4] UserStoryServiceImpl: addUserStory start
2022-02-02 11:05:00,775 INFO  [http-nio-8081-exec-4] UserStoryServiceImpl: addUserStory end
2022-02-02 11:05:00,785 INFO  [http-nio-8081-exec-4] UserStoryController: addUserStory end
2022-02-02 11:52:32,195 INFO  [main] SpringBootTestContextBootstrapper: Neither @ContextConfiguration nor @ContextHierarchy found for test class [com.pokerrestapi.PokerApplicationTests], using SpringBootContextLoader
2022-02-02 11:52:32,203 INFO  [main] AbstractContextLoader: Could not detect default resource locations for test class [com.pokerrestapi.PokerApplicationTests]: no resource found for suffixes {-context.xml, Context.groovy}.
2022-02-02 11:52:32,205 INFO  [main] AnnotationConfigContextLoaderUtils: Could not detect default configuration classes for test class [com.pokerrestapi.PokerApplicationTests]: PokerApplicationTests does not declare any static, non-private, non-final, nested classes annotated with @Configuration.
2022-02-02 11:52:32,311 INFO  [main] SpringBootTestContextBootstrapper: Found @SpringBootConfiguration com.pokerrestapi.PokerApplication for test class com.pokerrestapi.PokerApplicationTests
2022-02-02 11:52:32,394 INFO  [main] SpringBootTestContextBootstrapper: Loaded default TestExecutionListener class names from location [META-INF/spring.factories]: [org.springframework.boot.test.mock.mockito.MockitoTestExecutionListener, org.springframework.boot.test.mock.mockito.ResetMocksTestExecutionListener, org.springframework.boot.test.autoconfigure.restdocs.RestDocsTestExecutionListener, org.springframework.boot.test.autoconfigure.web.client.MockRestServiceServerResetTestExecutionListener, org.springframework.boot.test.autoconfigure.web.servlet.MockMvcPrintOnlyOnFailureTestExecutionListener, org.springframework.boot.test.autoconfigure.web.servlet.WebDriverTestExecutionListener, org.springframework.boot.test.autoconfigure.webservices.client.MockWebServiceServerTestExecutionListener, org.springframework.test.context.web.ServletTestExecutionListener, org.springframework.test.context.support.DirtiesContextBeforeModesTestExecutionListener, org.springframework.test.context.event.ApplicationEventsTestExecutionListener, org.springframework.test.context.support.DependencyInjectionTestExecutionListener, org.springframework.test.context.support.DirtiesContextTestExecutionListener, org.springframework.test.context.transaction.TransactionalTestExecutionListener, org.springframework.test.context.jdbc.SqlScriptsTestExecutionListener, org.springframework.test.context.event.EventPublishingTestExecutionListener]
2022-02-02 11:52:32,408 INFO  [main] SpringBootTestContextBootstrapper: Using TestExecutionListeners: [org.springframework.test.context.web.ServletTestExecutionListener@4fd4cae3, org.springframework.test.context.support.DirtiesContextBeforeModesTestExecutionListener@4a067c25, org.springframework.test.context.event.ApplicationEventsTestExecutionListener@a1217f9, org.springframework.boot.test.mock.mockito.MockitoTestExecutionListener@3bde62ff, org.springframework.boot.test.autoconfigure.SpringBootDependencyInjectionTestExecutionListener@523424b5, org.springframework.test.context.support.DirtiesContextTestExecutionListener@2baa8d82, org.springframework.test.context.transaction.TransactionalTestExecutionListener@319dead1, org.springframework.test.context.jdbc.SqlScriptsTestExecutionListener@791cbf87, org.springframework.test.context.event.EventPublishingTestExecutionListener@a7e2d9d, org.springframework.boot.test.mock.mockito.ResetMocksTestExecutionListener@754777cd, org.springframework.boot.test.autoconfigure.restdocs.RestDocsTestExecutionListener@2b52c0d6, org.springframework.boot.test.autoconfigure.web.client.MockRestServiceServerResetTestExecutionListener@372ea2bc, org.springframework.boot.test.autoconfigure.web.servlet.MockMvcPrintOnlyOnFailureTestExecutionListener@4cc76301, org.springframework.boot.test.autoconfigure.web.servlet.WebDriverTestExecutionListener@2f08c4b, org.springframework.boot.test.autoconfigure.webservices.client.MockWebServiceServerTestExecutionListener@3f19b8b3]
2022-02-02 11:52:32,673 INFO  [main] PokerApplicationTests: Starting PokerApplicationTests using Java 17.0.1 on lin33004946 with PID 15964 (started by snehadc in C:\Users\snehadc\git\pokersessionplanning\PokerRestApi)
2022-02-02 11:52:32,674 INFO  [main] PokerApplicationTests: No active profile set, falling back to default profiles: default
2022-02-02 11:52:33,210 INFO  [main] RepositoryConfigurationDelegate: Bootstrapping Spring Data JPA repositories in DEFAULT mode.
2022-02-02 11:52:33,283 INFO  [main] RepositoryConfigurationDelegate: Finished Spring Data repository scanning in 63 ms. Found 4 JPA repository interfaces.
2022-02-02 11:52:33,822 INFO  [main] HikariDataSource: HikariPool-1 - Starting...
2022-02-02 11:52:33,998 INFO  [main] HikariDataSource: HikariPool-1 - Start completed.
2022-02-02 11:52:34,079 INFO  [main] LogHelper: HHH000204: Processing PersistenceUnitInfo [name: default]
2022-02-02 11:52:34,128 INFO  [main] Version: HHH000412: Hibernate ORM core version 5.6.1.Final
2022-02-02 11:52:34,321 INFO  [main] Version: HCANN000001: Hibernate Commons Annotations {5.1.2.Final}
2022-02-02 11:52:34,488 INFO  [main] Dialect: HHH000400: Using dialect: org.hibernate.dialect.H2Dialect
2022-02-02 11:52:35,121 INFO  [main] JtaPlatformInitiator: HHH000490: Using JtaPlatform implementation: [org.hibernate.engine.transaction.jta.platform.internal.NoJtaPlatform]
2022-02-02 11:52:35,131 INFO  [main] LocalContainerEntityManagerFactoryBean: Initialized JPA EntityManagerFactory for persistence unit 'default'
2022-02-02 11:52:35,839 WARN  [main] JpaBaseConfiguration$JpaWebConfiguration: spring.jpa.open-in-view is enabled by default. Therefore, database queries may be performed during view rendering. Explicitly configure spring.jpa.open-in-view to disable this warning
2022-02-02 11:52:36,085 INFO  [main] H2ConsoleAutoConfiguration: H2 console available at '/h2-console'. Database available at 'jdbc:h2:mem:testdb'
2022-02-02 11:52:36,440 INFO  [main] PokerApplicationTests: Started PokerApplicationTests in 3.984 seconds (JVM running for 5.017)
2022-02-02 11:52:36,665 INFO  [main] WebMvcTestContextBootstrapper: Neither @ContextConfiguration nor @ContextHierarchy found for test class [com.pokerrestapi.SessionControllerTests], using SpringBootContextLoader
2022-02-02 11:52:36,666 INFO  [main] AbstractContextLoader: Could not detect default resource locations for test class [com.pokerrestapi.SessionControllerTests]: no resource found for suffixes {-context.xml, Context.groovy}.
2022-02-02 11:52:36,667 INFO  [main] AnnotationConfigContextLoaderUtils: Could not detect default configuration classes for test class [com.pokerrestapi.SessionControllerTests]: SessionControllerTests does not declare any static, non-private, non-final, nested classes annotated with @Configuration.
2022-02-02 11:52:36,691 INFO  [main] SpringBootTestContextBootstrapper: Found @SpringBootConfiguration com.pokerrestapi.PokerApplication for test class com.pokerrestapi.SessionControllerTests
2022-02-02 11:52:36,694 INFO  [main] WebMvcTestContextBootstrapper: Loaded default TestExecutionListener class names from location [META-INF/spring.factories]: [org.springframework.boot.test.mock.mockito.MockitoTestExecutionListener, org.springframework.boot.test.mock.mockito.ResetMocksTestExecutionListener, org.springframework.boot.test.autoconfigure.restdocs.RestDocsTestExecutionListener, org.springframework.boot.test.autoconfigure.web.client.MockRestServiceServerResetTestExecutionListener, org.springframework.boot.test.autoconfigure.web.servlet.MockMvcPrintOnlyOnFailureTestExecutionListener, org.springframework.boot.test.autoconfigure.web.servlet.WebDriverTestExecutionListener, org.springframework.boot.test.autoconfigure.webservices.client.MockWebServiceServerTestExecutionListener, org.springframework.test.context.web.ServletTestExecutionListener, org.springframework.test.context.support.DirtiesContextBeforeModesTestExecutionListener, org.springframework.test.context.event.ApplicationEventsTestExecutionListener, org.springframework.test.context.support.DependencyInjectionTestExecutionListener, org.springframework.test.context.support.DirtiesContextTestExecutionListener, org.springframework.test.context.transaction.TransactionalTestExecutionListener, org.springframework.test.context.jdbc.SqlScriptsTestExecutionListener, org.springframework.test.context.event.EventPublishingTestExecutionListener]
2022-02-02 11:52:36,694 INFO  [main] WebMvcTestContextBootstrapper: Using TestExecutionListeners: [org.springframework.test.context.web.ServletTestExecutionListener@6f53295e, org.springframework.test.context.support.DirtiesContextBeforeModesTestExecutionListener@5f8a29ca, org.springframework.test.context.event.ApplicationEventsTestExecutionListener@4f93a8f6, org.springframework.boot.test.mock.mockito.MockitoTestExecutionListener@492d38a2, org.springframework.boot.test.autoconfigure.SpringBootDependencyInjectionTestExecutionListener@3fc2e100, org.springframework.test.context.support.DirtiesContextTestExecutionListener@31885b4b, org.springframework.test.context.transaction.TransactionalTestExecutionListener@638e8194, org.springframework.test.context.jdbc.SqlScriptsTestExecutionListener@43c64d6f, org.springframework.test.context.event.EventPublishingTestExecutionListener@6b247ef6, org.springframework.boot.test.mock.mockito.ResetMocksTestExecutionListener@188532da, org.springframework.boot.test.autoconfigure.restdocs.RestDocsTestExecutionListener@f10927f, org.springframework.boot.test.autoconfigure.web.client.MockRestServiceServerResetTestExecutionListener@7e4c0bc7, org.springframework.boot.test.autoconfigure.web.servlet.MockMvcPrintOnlyOnFailureTestExecutionListener@36570936, org.springframework.boot.test.autoconfigure.web.servlet.WebDriverTestExecutionListener@775fec4, org.springframework.boot.test.autoconfigure.webservices.client.MockWebServiceServerTestExecutionListener@c7d173f]
2022-02-02 11:52:36,723 INFO  [main] SessionControllerTests: Starting SessionControllerTests using Java 17.0.1 on lin33004946 with PID 15964 (started by snehadc in C:\Users\snehadc\git\pokersessionplanning\PokerRestApi)
2022-02-02 11:52:36,724 INFO  [main] SessionControllerTests: No active profile set, falling back to default profiles: default
2022-02-02 11:52:37,078 INFO  [main] SpringBootMockServletContext: Initializing Spring TestDispatcherServlet ''
2022-02-02 11:52:37,079 INFO  [main] TestDispatcherServlet: Initializing Servlet ''
2022-02-02 11:52:37,080 INFO  [main] TestDispatcherServlet: Completed initialization in 1 ms
2022-02-02 11:52:37,089 INFO  [main] SessionControllerTests: Started SessionControllerTests in 0.392 seconds (JVM running for 5.667)
2022-02-02 11:52:37,216 INFO  [main] SessionServiceImpl: getTitleOfTheSession start
2022-02-02 11:52:37,219 INFO  [main] SessionServiceImpl: getTitleOfTheSession end
2022-02-02 11:52:37,225 INFO  [main] SessionServiceImpl: getSessionById start
2022-02-02 11:52:37,225 INFO  [main] SessionServiceImpl: getSessionById end
2022-02-02 11:52:37,234 INFO  [main] SessionServiceImpl: createSession start
2022-02-02 11:52:37,235 INFO  [main] SessionServiceImpl: createSession end
2022-02-02 11:52:37,236 INFO  [main] SessionServiceImpl: getUserStoryListInSession start
2022-02-02 11:52:37,237 INFO  [main] SessionServiceImpl: getUserStoryListInSession end
2022-02-02 11:52:37,238 INFO  [main] SessionServiceImpl: getMembersInSession start
2022-02-02 11:52:37,239 INFO  [main] SessionServiceImpl: getMembersInSession end
2022-02-02 11:52:37,241 INFO  [main] SessionServiceImpl: addUpdateMember start
2022-02-02 11:52:37,276 INFO  [main] UserStoryServiceImpl: getUserStory start
2022-02-02 11:52:37,277 INFO  [main] UserStoryServiceImpl: getUserStory end
2022-02-02 11:52:37,279 INFO  [main] UserStoryServiceImpl: deleteUserStory start
2022-02-02 11:52:37,280 INFO  [main] UserStoryServiceImpl: deleteUserStory end
2022-02-02 11:52:37,282 INFO  [main] UserStoryServiceImpl: addUserStory start
2022-02-02 11:52:37,282 INFO  [main] UserStoryServiceImpl: addUserStory end
2022-02-02 11:52:37,287 INFO  [main] VoteServiceImpl: submitUserStoryVote start
2022-02-02 11:52:37,306 INFO  [SpringApplicationShutdownHook] LocalContainerEntityManagerFactoryBean: Closing JPA EntityManagerFactory for persistence unit 'default'
2022-02-02 11:52:37,307 INFO  [SpringApplicationShutdownHook] SchemaDropperImpl$DelayedDropActionImpl: HHH000477: Starting delayed evictData of schema as part of SessionFactory shut-down'
2022-02-02 11:52:37,314 INFO  [SpringApplicationShutdownHook] HikariDataSource: HikariPool-1 - Shutdown initiated...
2022-02-02 11:52:37,316 INFO  [SpringApplicationShutdownHook] HikariDataSource: HikariPool-1 - Shutdown completed.
2022-02-02 11:55:22,369 INFO  [main] UserStoryServiceImpl: getUserStory start
2022-02-02 11:55:22,373 INFO  [main] UserStoryServiceImpl: getUserStory end
2022-02-02 11:55:22,386 INFO  [main] UserStoryServiceImpl: deleteUserStory start
2022-02-02 11:55:22,390 INFO  [main] UserStoryServiceImpl: deleteUserStory end
2022-02-02 11:55:22,392 INFO  [main] UserStoryServiceImpl: addUserStory start
2022-02-02 11:55:22,394 INFO  [main] UserStoryServiceImpl: addUserStory end
2022-02-02 11:55:44,711 INFO  [main] UserStoryServiceImpl: addUserStory start
2022-02-02 11:55:44,716 INFO  [main] UserStoryServiceImpl: addUserStory end
2022-02-02 11:55:51,030 INFO  [main] UserStoryServiceImpl: getUserStory start
2022-02-02 11:55:51,032 INFO  [main] UserStoryServiceImpl: getUserStory end
2022-02-02 11:56:00,941 INFO  [main] UserStoryServiceImpl: deleteUserStory start
2022-02-02 11:56:00,945 INFO  [main] UserStoryServiceImpl: deleteUserStory end
2022-02-02 11:56:11,100 INFO  [main] VoteServiceImpl: submitUserStoryVote start
2022-02-02 12:04:58,211 INFO  [main] UserStoryServiceImpl: getUserStory start
2022-02-02 12:04:58,213 INFO  [main] UserStoryServiceImpl: getUserStory end
2022-02-02 12:04:58,229 INFO  [main] UserStoryServiceImpl: deleteUserStory start
2022-02-02 12:04:58,231 INFO  [main] UserStoryServiceImpl: deleteUserStory end
2022-02-02 12:04:58,234 INFO  [main] UserStoryServiceImpl: addUserStory start
2022-02-02 12:04:58,235 INFO  [main] UserStoryServiceImpl: addUserStory end
2022-02-02 12:05:05,967 INFO  [main] UserStoryServiceImpl: getUserStory start
2022-02-02 12:05:05,970 INFO  [main] UserStoryServiceImpl: getUserStory end
2022-02-02 12:06:17,191 INFO  [main] UserStoryServiceImpl: getUserStory start
2022-02-02 12:06:17,193 INFO  [main] UserStoryServiceImpl: getUserStory end
2022-02-02 12:06:39,581 INFO  [main] UserStoryServiceImpl: addUserStory start
2022-02-02 12:06:39,586 INFO  [main] UserStoryServiceImpl: addUserStory end
2022-02-02 12:06:47,694 INFO  [main] UserStoryServiceImpl: deleteUserStory start
2022-02-02 12:06:47,698 INFO  [main] UserStoryServiceImpl: deleteUserStory end
2022-02-02 12:06:59,824 INFO  [main] UserStoryServiceImpl: getUserStory start
2022-02-02 12:06:59,827 INFO  [main] UserStoryServiceImpl: getUserStory end
2022-02-02 12:07:12,692 INFO  [main] UserStoryServiceImpl: getUserStory start
2022-02-02 12:07:12,696 INFO  [main] UserStoryServiceImpl: getUserStory end
2022-02-02 12:08:51,201 INFO  [restartedMain] PokerApplication: Starting PokerApplication using Java 17.0.1 on lin33004946 with PID 18520 (C:\Users\snehadc\git\pokersessionplanning\PokerRestApi\target\classes started by snehadc in C:\Users\snehadc\git\pokersessionplanning\PokerRestApi)
2022-02-02 12:08:51,205 INFO  [restartedMain] PokerApplication: No active profile set, falling back to default profiles: default
2022-02-02 12:08:51,252 INFO  [restartedMain] DevToolsPropertyDefaultsPostProcessor: Devtools property defaults active! Set 'spring.devtools.add-properties' to 'false' to disable
2022-02-02 12:08:51,253 INFO  [restartedMain] DevToolsPropertyDefaultsPostProcessor: For additional web related logging consider setting the 'logging.level.web' property to 'DEBUG'
2022-02-02 12:08:51,930 INFO  [restartedMain] RepositoryConfigurationDelegate: Bootstrapping Spring Data JPA repositories in DEFAULT mode.
2022-02-02 12:08:51,998 INFO  [restartedMain] RepositoryConfigurationDelegate: Finished Spring Data repository scanning in 55 ms. Found 4 JPA repository interfaces.
2022-02-02 12:08:52,683 INFO  [restartedMain] TomcatWebServer: Tomcat initialized with port(s): 8081 (http)
2022-02-02 12:08:52,696 INFO  [restartedMain] Http11NioProtocol: Initializing ProtocolHandler ["http-nio-8081"]
2022-02-02 12:08:52,697 INFO  [restartedMain] StandardService: Starting service [Tomcat]
2022-02-02 12:08:52,698 INFO  [restartedMain] StandardEngine: Starting Servlet engine: [Apache Tomcat/9.0.55]
2022-02-02 12:08:52,777 INFO  [restartedMain] [/]: Initializing Spring embedded WebApplicationContext
2022-02-02 12:08:52,778 INFO  [restartedMain] ServletWebServerApplicationContext: Root WebApplicationContext: initialization completed in 1525 ms
2022-02-02 12:08:52,825 INFO  [restartedMain] HikariDataSource: HikariPool-1 - Starting...
2022-02-02 12:08:52,999 INFO  [restartedMain] HikariDataSource: HikariPool-1 - Start completed.
2022-02-02 12:08:53,009 INFO  [restartedMain] H2ConsoleAutoConfiguration: H2 console available at '/h2-console'. Database available at 'jdbc:h2:mem:testdb'
2022-02-02 12:08:53,190 INFO  [restartedMain] LogHelper: HHH000204: Processing PersistenceUnitInfo [name: default]
2022-02-02 12:08:53,238 INFO  [restartedMain] Version: HHH000412: Hibernate ORM core version 5.6.1.Final
2022-02-02 12:08:53,384 INFO  [restartedMain] Version: HCANN000001: Hibernate Commons Annotations {5.1.2.Final}
2022-02-02 12:08:53,483 INFO  [restartedMain] Dialect: HHH000400: Using dialect: org.hibernate.dialect.H2Dialect
2022-02-02 12:08:54,068 INFO  [restartedMain] JtaPlatformInitiator: HHH000490: Using JtaPlatform implementation: [org.hibernate.engine.transaction.jta.platform.internal.NoJtaPlatform]
2022-02-02 12:08:54,076 INFO  [restartedMain] LocalContainerEntityManagerFactoryBean: Initialized JPA EntityManagerFactory for persistence unit 'default'
2022-02-02 12:08:54,583 WARN  [restartedMain] JpaBaseConfiguration$JpaWebConfiguration: spring.jpa.open-in-view is enabled by default. Therefore, database queries may be performed during view rendering. Explicitly configure spring.jpa.open-in-view to disable this warning
2022-02-02 12:08:54,941 INFO  [restartedMain] OptionalLiveReloadServer: LiveReload server is running on port 35729
2022-02-02 12:08:54,952 INFO  [restartedMain] Http11NioProtocol: Starting ProtocolHandler ["http-nio-8081"]
2022-02-02 12:08:54,996 INFO  [restartedMain] TomcatWebServer: Tomcat started on port(s): 8081 (http) with context path ''
2022-02-02 12:08:55,007 INFO  [restartedMain] PokerApplication: Started PokerApplication in 4.111 seconds (JVM running for 4.665)
2022-02-02 12:09:01,532 INFO  [http-nio-8081-exec-2] [/]: Initializing Spring DispatcherServlet 'dispatcherServlet'
2022-02-02 12:09:01,532 INFO  [http-nio-8081-exec-2] DispatcherServlet: Initializing Servlet 'dispatcherServlet'
2022-02-02 12:09:01,533 INFO  [http-nio-8081-exec-2] DispatcherServlet: Completed initialization in 1 ms
2022-02-02 12:09:01,625 INFO  [http-nio-8081-exec-2] SessionController: createSession start
2022-02-02 12:09:01,626 INFO  [http-nio-8081-exec-2] SessionServiceImpl: createSession start
2022-02-02 12:09:01,740 INFO  [http-nio-8081-exec-2] SessionServiceImpl: createSession end
2022-02-02 12:09:01,740 INFO  [http-nio-8081-exec-2] SessionController: createSession end
2022-02-02 15:09:55,063 WARN  [HikariPool-1 housekeeper] HikariPool: HikariPool-1 - Thread starvation or clock leap detected (housekeeper delta=2h49m31s819ms106s900ns).
2022-02-02 15:35:45,140 WARN  [HikariPool-1 housekeeper] HikariPool: HikariPool-1 - Thread starvation or clock leap detected (housekeeper delta=25m50s79ms257s).
2022-02-02 15:59:51,813 INFO  [Thread-6] LocalContainerEntityManagerFactoryBean: Closing JPA EntityManagerFactory for persistence unit 'default'
2022-02-02 15:59:51,814 INFO  [Thread-6] SchemaDropperImpl$DelayedDropActionImpl: HHH000477: Starting delayed evictData of schema as part of SessionFactory shut-down'
2022-02-02 15:59:52,044 WARN  [Thread-6] DisposableBeanAdapter: Invocation of destroy method failed on bean with name 'inMemoryDatabaseShutdownExecutor': org.h2.jdbc.JdbcSQLNonTransientConnectionException: Database is already closed (to disable automatic closing at VM shutdown, add ";DB_CLOSE_ON_EXIT=FALSE" to the db URL) [90121-200]
2022-02-02 15:59:52,045 INFO  [Thread-6] HikariDataSource: HikariPool-1 - Shutdown initiated...
2022-02-02 15:59:52,046 INFO  [Thread-6] HikariDataSource: HikariPool-1 - Shutdown completed.
2022-02-02 15:59:52,116 INFO  [restartedMain] PokerApplication: Starting PokerApplication using Java 17.0.1 on lin33004946 with PID 18520 (C:\Users\snehadc\git\pokersessionplanning\PokerRestApi\target\classes started by snehadc in C:\Users\snehadc\git\pokersessionplanning\PokerRestApi)
2022-02-02 15:59:52,117 INFO  [restartedMain] PokerApplication: No active profile set, falling back to default profiles: default
2022-02-02 15:59:52,342 INFO  [restartedMain] RepositoryConfigurationDelegate: Bootstrapping Spring Data JPA repositories in DEFAULT mode.
2022-02-02 15:59:52,368 INFO  [restartedMain] RepositoryConfigurationDelegate: Finished Spring Data repository scanning in 24 ms. Found 4 JPA repository interfaces.
2022-02-02 15:59:52,578 INFO  [restartedMain] TomcatWebServer: Tomcat initialized with port(s): 8081 (http)
2022-02-02 15:59:52,580 INFO  [restartedMain] Http11NioProtocol: Initializing ProtocolHandler ["http-nio-8081"]
2022-02-02 15:59:52,580 INFO  [restartedMain] StandardService: Starting service [Tomcat]
2022-02-02 15:59:52,580 INFO  [restartedMain] StandardEngine: Starting Servlet engine: [Apache Tomcat/9.0.55]
2022-02-02 15:59:52,605 INFO  [restartedMain] [/]: Initializing Spring embedded WebApplicationContext
2022-02-02 15:59:52,605 INFO  [restartedMain] ServletWebServerApplicationContext: Root WebApplicationContext: initialization completed in 485 ms
2022-02-02 15:59:52,623 INFO  [restartedMain] HikariDataSource: HikariPool-2 - Starting...
2022-02-02 15:59:52,626 INFO  [restartedMain] HikariDataSource: HikariPool-2 - Start completed.
2022-02-02 15:59:52,626 INFO  [restartedMain] H2ConsoleAutoConfiguration: H2 console available at '/h2-console'. Database available at 'jdbc:h2:mem:testdb'
2022-02-02 15:59:52,662 INFO  [restartedMain] LogHelper: HHH000204: Processing PersistenceUnitInfo [name: default]
2022-02-02 15:59:52,671 INFO  [restartedMain] Dialect: HHH000400: Using dialect: org.hibernate.dialect.H2Dialect
2022-02-02 15:59:52,774 INFO  [restartedMain] JtaPlatformInitiator: HHH000490: Using JtaPlatform implementation: [org.hibernate.engine.transaction.jta.platform.internal.NoJtaPlatform]
2022-02-02 15:59:52,775 INFO  [restartedMain] LocalContainerEntityManagerFactoryBean: Initialized JPA EntityManagerFactory for persistence unit 'default'
2022-02-02 15:59:52,938 WARN  [restartedMain] JpaBaseConfiguration$JpaWebConfiguration: spring.jpa.open-in-view is enabled by default. Therefore, database queries may be performed during view rendering. Explicitly configure spring.jpa.open-in-view to disable this warning
2022-02-02 15:59:53,047 INFO  [restartedMain] OptionalLiveReloadServer: LiveReload server is running on port 35729
2022-02-02 15:59:53,055 INFO  [restartedMain] Http11NioProtocol: Starting ProtocolHandler ["http-nio-8081"]
2022-02-02 15:59:53,061 INFO  [restartedMain] TomcatWebServer: Tomcat started on port(s): 8081 (http) with context path ''
2022-02-02 15:59:53,065 INFO  [restartedMain] PokerApplication: Started PokerApplication in 0.979 seconds (JVM running for 13862.528)
2022-02-02 15:59:53,067 INFO  [restartedMain] ConditionEvaluationDeltaLoggingListener: Condition evaluation unchanged
2022-02-02 16:44:01,120 INFO  [restartedMain] PokerApplication: Starting PokerApplication using Java 17.0.1 on lin33004946 with PID 3560 (C:\Users\snehadc\git\pokersessionplanning\PokerRestApi\target\classes started by snehadc in C:\Users\snehadc\git\pokersessionplanning\PokerRestApi)
2022-02-02 16:44:01,123 INFO  [restartedMain] PokerApplication: No active profile set, falling back to default profiles: default
2022-02-02 16:44:01,173 INFO  [restartedMain] DevToolsPropertyDefaultsPostProcessor: Devtools property defaults active! Set 'spring.devtools.add-properties' to 'false' to disable
2022-02-02 16:44:01,173 INFO  [restartedMain] DevToolsPropertyDefaultsPostProcessor: For additional web related logging consider setting the 'logging.level.web' property to 'DEBUG'
2022-02-02 16:44:01,879 INFO  [restartedMain] RepositoryConfigurationDelegate: Bootstrapping Spring Data JPA repositories in DEFAULT mode.
2022-02-02 16:44:01,953 INFO  [restartedMain] RepositoryConfigurationDelegate: Finished Spring Data repository scanning in 62 ms. Found 4 JPA repository interfaces.
2022-02-02 16:44:02,765 INFO  [restartedMain] TomcatWebServer: Tomcat initialized with port(s): 8081 (http)
2022-02-02 16:44:02,778 INFO  [restartedMain] Http11NioProtocol: Initializing ProtocolHandler ["http-nio-8081"]
2022-02-02 16:44:02,779 INFO  [restartedMain] StandardService: Starting service [Tomcat]
2022-02-02 16:44:02,780 INFO  [restartedMain] StandardEngine: Starting Servlet engine: [Apache Tomcat/9.0.55]
2022-02-02 16:44:02,874 INFO  [restartedMain] [/]: Initializing Spring embedded WebApplicationContext
2022-02-02 16:44:02,875 INFO  [restartedMain] ServletWebServerApplicationContext: Root WebApplicationContext: initialization completed in 1701 ms
2022-02-02 16:44:02,911 INFO  [restartedMain] HikariDataSource: HikariPool-1 - Starting...
2022-02-02 16:44:03,081 INFO  [restartedMain] HikariDataSource: HikariPool-1 - Start completed.
2022-02-02 16:44:03,092 INFO  [restartedMain] H2ConsoleAutoConfiguration: H2 console available at '/h2-console'. Database available at 'jdbc:h2:mem:testdb'
2022-02-02 16:44:03,307 INFO  [restartedMain] LogHelper: HHH000204: Processing PersistenceUnitInfo [name: default]
2022-02-02 16:44:03,357 INFO  [restartedMain] Version: HHH000412: Hibernate ORM core version 5.6.1.Final
2022-02-02 16:44:03,510 INFO  [restartedMain] Version: HCANN000001: Hibernate Commons Annotations {5.1.2.Final}
2022-02-02 16:44:03,644 INFO  [restartedMain] Dialect: HHH000400: Using dialect: org.hibernate.dialect.H2Dialect
2022-02-02 16:44:04,281 INFO  [restartedMain] JtaPlatformInitiator: HHH000490: Using JtaPlatform implementation: [org.hibernate.engine.transaction.jta.platform.internal.NoJtaPlatform]
2022-02-02 16:44:04,288 INFO  [restartedMain] LocalContainerEntityManagerFactoryBean: Initialized JPA EntityManagerFactory for persistence unit 'default'
2022-02-02 16:44:04,851 WARN  [restartedMain] JpaBaseConfiguration$JpaWebConfiguration: spring.jpa.open-in-view is enabled by default. Therefore, database queries may be performed during view rendering. Explicitly configure spring.jpa.open-in-view to disable this warning
2022-02-02 16:44:05,215 INFO  [restartedMain] OptionalLiveReloadServer: LiveReload server is running on port 35729
2022-02-02 16:44:05,229 INFO  [restartedMain] Http11NioProtocol: Starting ProtocolHandler ["http-nio-8081"]
2022-02-02 16:44:05,277 INFO  [restartedMain] TomcatWebServer: Tomcat started on port(s): 8081 (http) with context path ''
2022-02-02 16:44:05,290 INFO  [restartedMain] PokerApplication: Started PokerApplication in 4.541 seconds (JVM running for 5.153)
2022-02-02 16:44:09,910 INFO  [http-nio-8081-exec-2] [/]: Initializing Spring DispatcherServlet 'dispatcherServlet'
2022-02-02 16:44:09,911 INFO  [http-nio-8081-exec-2] DispatcherServlet: Initializing Servlet 'dispatcherServlet'
2022-02-02 16:44:09,912 INFO  [http-nio-8081-exec-2] DispatcherServlet: Completed initialization in 1 ms
2022-02-02 16:44:10,003 INFO  [http-nio-8081-exec-2] SessionController: createSession start
2022-02-02 16:44:10,003 INFO  [http-nio-8081-exec-2] SessionServiceImpl: createSession start
2022-02-02 16:44:10,120 INFO  [http-nio-8081-exec-2] SessionServiceImpl: createSession end
2022-02-02 16:44:10,121 INFO  [http-nio-8081-exec-2] SessionController: createSession end
2022-02-02 16:44:20,366 INFO  [http-nio-8081-exec-3] SessionController: createSession start
2022-02-02 16:44:20,368 INFO  [http-nio-8081-exec-3] SessionServiceImpl: createSession start
2022-02-02 16:44:20,376 INFO  [http-nio-8081-exec-3] SessionServiceImpl: createSession end
2022-02-02 16:44:20,376 INFO  [http-nio-8081-exec-3] SessionController: createSession end
2022-02-02 16:44:27,777 INFO  [http-nio-8081-exec-4] SessionController: getAllSessions start
2022-02-02 16:44:27,815 INFO  [http-nio-8081-exec-4] SessionController: getAllSessions end
2022-02-02 16:45:03,563 INFO  [http-nio-8081-exec-5] SessionController: addUpdateMember start
2022-02-02 16:45:03,564 INFO  [http-nio-8081-exec-5] SessionServiceImpl: addUpdateMember start
2022-02-02 16:45:03,577 INFO  [http-nio-8081-exec-5] SessionServiceImpl: addUpdateMember end
2022-02-02 16:45:03,577 INFO  [http-nio-8081-exec-5] SessionController: addUpdateMember end
2022-02-02 16:45:20,213 INFO  [http-nio-8081-exec-6] SessionController: getAllActiveSessions start
2022-02-02 16:45:20,214 INFO  [http-nio-8081-exec-6] SessionServiceImpl: getAllActiveSessions start
2022-02-02 16:45:20,216 INFO  [http-nio-8081-exec-6] SessionServiceImpl: getAllActiveSessions end
2022-02-02 16:45:20,216 INFO  [http-nio-8081-exec-6] SessionController: getAllActiveSessions end
2022-02-02 16:45:37,726 INFO  [http-nio-8081-exec-7] SessionController: destroySession start
2022-02-02 16:45:42,277 INFO  [http-nio-8081-exec-8] SessionController: getAllActiveSessions start
2022-02-02 16:45:42,278 INFO  [http-nio-8081-exec-8] SessionServiceImpl: getAllActiveSessions start
2022-02-02 16:45:42,280 INFO  [http-nio-8081-exec-8] SessionServiceImpl: getAllActiveSessions end
2022-02-02 16:45:42,281 INFO  [http-nio-8081-exec-8] SessionController: getAllActiveSessions end
2022-02-02 16:45:47,646 INFO  [http-nio-8081-exec-9] SessionController: getAllSessions start
2022-02-02 16:45:47,648 INFO  [http-nio-8081-exec-9] SessionController: getAllSessions end
2022-02-02 17:26:51,563 INFO  [Thread-6] LocalContainerEntityManagerFactoryBean: Closing JPA EntityManagerFactory for persistence unit 'default'
2022-02-02 17:26:51,564 INFO  [Thread-6] SchemaDropperImpl$DelayedDropActionImpl: HHH000477: Starting delayed evictData of schema as part of SessionFactory shut-down'
2022-02-02 17:26:51,795 WARN  [Thread-6] DisposableBeanAdapter: Invocation of destroy method failed on bean with name 'inMemoryDatabaseShutdownExecutor': org.h2.jdbc.JdbcSQLNonTransientConnectionException: Database is already closed (to disable automatic closing at VM shutdown, add ";DB_CLOSE_ON_EXIT=FALSE" to the db URL) [90121-200]
2022-02-02 17:26:51,796 INFO  [Thread-6] HikariDataSource: HikariPool-1 - Shutdown initiated...
2022-02-02 17:26:51,798 INFO  [Thread-6] HikariDataSource: HikariPool-1 - Shutdown completed.
2022-02-02 17:26:51,880 INFO  [restartedMain] PokerApplication: Starting PokerApplication using Java 17.0.1 on lin33004946 with PID 3560 (C:\Users\snehadc\git\pokersessionplanning\PokerRestApi\target\classes started by snehadc in C:\Users\snehadc\git\pokersessionplanning\PokerRestApi)
2022-02-02 17:26:51,880 INFO  [restartedMain] PokerApplication: No active profile set, falling back to default profiles: default
2022-02-02 17:26:52,088 INFO  [restartedMain] RepositoryConfigurationDelegate: Bootstrapping Spring Data JPA repositories in DEFAULT mode.
2022-02-02 17:26:52,108 INFO  [restartedMain] RepositoryConfigurationDelegate: Finished Spring Data repository scanning in 20 ms. Found 4 JPA repository interfaces.
2022-02-02 17:26:52,216 INFO  [restartedMain] TomcatWebServer: Tomcat initialized with port(s): 8081 (http)
2022-02-02 17:26:52,217 INFO  [restartedMain] Http11NioProtocol: Initializing ProtocolHandler ["http-nio-8081"]
2022-02-02 17:26:52,217 INFO  [restartedMain] StandardService: Starting service [Tomcat]
2022-02-02 17:26:52,217 INFO  [restartedMain] StandardEngine: Starting Servlet engine: [Apache Tomcat/9.0.55]
2022-02-02 17:26:52,237 INFO  [restartedMain] [/]: Initializing Spring embedded WebApplicationContext
2022-02-02 17:26:52,238 INFO  [restartedMain] ServletWebServerApplicationContext: Root WebApplicationContext: initialization completed in 356 ms
2022-02-02 17:26:52,250 INFO  [restartedMain] HikariDataSource: HikariPool-2 - Starting...
2022-02-02 17:26:52,252 INFO  [restartedMain] HikariDataSource: HikariPool-2 - Start completed.
2022-02-02 17:26:52,253 INFO  [restartedMain] H2ConsoleAutoConfiguration: H2 console available at '/h2-console'. Database available at 'jdbc:h2:mem:testdb'
2022-02-02 17:26:52,275 INFO  [restartedMain] LogHelper: HHH000204: Processing PersistenceUnitInfo [name: default]
2022-02-02 17:26:52,280 INFO  [restartedMain] Dialect: HHH000400: Using dialect: org.hibernate.dialect.H2Dialect
2022-02-02 17:26:52,348 INFO  [restartedMain] JtaPlatformInitiator: HHH000490: Using JtaPlatform implementation: [org.hibernate.engine.transaction.jta.platform.internal.NoJtaPlatform]
2022-02-02 17:26:52,349 INFO  [restartedMain] LocalContainerEntityManagerFactoryBean: Initialized JPA EntityManagerFactory for persistence unit 'default'
2022-02-02 17:26:52,488 WARN  [restartedMain] JpaBaseConfiguration$JpaWebConfiguration: spring.jpa.open-in-view is enabled by default. Therefore, database queries may be performed during view rendering. Explicitly configure spring.jpa.open-in-view to disable this warning
2022-02-02 17:26:52,580 INFO  [restartedMain] OptionalLiveReloadServer: LiveReload server is running on port 35729
2022-02-02 17:26:52,586 INFO  [restartedMain] Http11NioProtocol: Starting ProtocolHandler ["http-nio-8081"]
2022-02-02 17:26:52,589 INFO  [restartedMain] TomcatWebServer: Tomcat started on port(s): 8081 (http) with context path ''
2022-02-02 17:26:52,593 INFO  [restartedMain] PokerApplication: Started PokerApplication in 0.754 seconds (JVM running for 2572.406)
2022-02-02 17:26:52,595 INFO  [restartedMain] ConditionEvaluationDeltaLoggingListener: Condition evaluation unchanged
