2022-02-01 05:06:21,587 INFO  [restartedMain] PokerApplication: Starting PokerApplication using Java 17.0.1 on lin33004946 with PID 22860 (C:\Users\snehadc\git\pokersessionplanning\PokerRestApi\target\classes started by snehadc in C:\Users\snehadc\git\pokersessionplanning\PokerRestApi)
2022-02-01 05:06:21,591 INFO  [restartedMain] PokerApplication: No active profile set, falling back to default profiles: default
2022-02-01 05:06:21,649 INFO  [restartedMain] DevToolsPropertyDefaultsPostProcessor: Devtools property defaults active! Set 'spring.devtools.add-properties' to 'false' to disable
2022-02-01 05:06:21,650 INFO  [restartedMain] DevToolsPropertyDefaultsPostProcessor: For additional web related logging consider setting the 'logging.level.web' property to 'DEBUG'
2022-02-01 05:06:22,349 INFO  [restartedMain] RepositoryConfigurationDelegate: Bootstrapping Spring Data JPA repositories in DEFAULT mode.
2022-02-01 05:06:22,420 INFO  [restartedMain] RepositoryConfigurationDelegate: Finished Spring Data repository scanning in 58 ms. Found 4 JPA repository interfaces.
2022-02-01 05:06:23,184 INFO  [restartedMain] TomcatWebServer: Tomcat initialized with port(s): 8081 (http)
2022-02-01 05:06:23,195 INFO  [restartedMain] Http11NioProtocol: Initializing ProtocolHandler ["http-nio-8081"]
2022-02-01 05:06:23,195 INFO  [restartedMain] StandardService: Starting service [Tomcat]
2022-02-01 05:06:23,196 INFO  [restartedMain] StandardEngine: Starting Servlet engine: [Apache Tomcat/9.0.55]
2022-02-01 05:06:23,289 INFO  [restartedMain] [/]: Initializing Spring embedded WebApplicationContext
2022-02-01 05:06:23,290 INFO  [restartedMain] ServletWebServerApplicationContext: Root WebApplicationContext: initialization completed in 1639 ms
2022-02-01 05:06:23,329 INFO  [restartedMain] HikariDataSource: HikariPool-1 - Starting...
2022-02-01 05:06:23,501 INFO  [restartedMain] HikariDataSource: HikariPool-1 - Start completed.
2022-02-01 05:06:23,514 INFO  [restartedMain] H2ConsoleAutoConfiguration: H2 console available at '/h2-console'. Database available at 'jdbc:h2:mem:testdb'
2022-02-01 05:06:23,713 INFO  [restartedMain] LogHelper: HHH000204: Processing PersistenceUnitInfo [name: default]
2022-02-01 05:06:23,773 INFO  [restartedMain] Version: HHH000412: Hibernate ORM core version 5.6.1.Final
2022-02-01 05:06:23,986 INFO  [restartedMain] Version: HCANN000001: Hibernate Commons Annotations {5.1.2.Final}
2022-02-01 05:06:24,123 INFO  [restartedMain] Dialect: HHH000400: Using dialect: org.hibernate.dialect.H2Dialect
2022-02-01 05:06:24,834 INFO  [restartedMain] JtaPlatformInitiator: HHH000490: Using JtaPlatform implementation: [org.hibernate.engine.transaction.jta.platform.internal.NoJtaPlatform]
2022-02-01 05:06:24,841 INFO  [restartedMain] LocalContainerEntityManagerFactoryBean: Initialized JPA EntityManagerFactory for persistence unit 'default'
2022-02-01 05:06:25,378 WARN  [restartedMain] JpaBaseConfiguration$JpaWebConfiguration: spring.jpa.open-in-view is enabled by default. Therefore, database queries may be performed during view rendering. Explicitly configure spring.jpa.open-in-view to disable this warning
2022-02-01 05:06:25,740 INFO  [restartedMain] OptionalLiveReloadServer: LiveReload server is running on port 35729
2022-02-01 05:06:25,761 INFO  [restartedMain] Http11NioProtocol: Starting ProtocolHandler ["http-nio-8081"]
2022-02-01 05:06:25,806 INFO  [restartedMain] TomcatWebServer: Tomcat started on port(s): 8081 (http) with context path ''
2022-02-01 05:06:25,819 INFO  [restartedMain] PokerApplication: Started PokerApplication in 4.592 seconds (JVM running for 5.22)
2022-02-01 05:07:07,893 INFO  [http-nio-8081-exec-2] [/]: Initializing Spring DispatcherServlet 'dispatcherServlet'
2022-02-01 05:07:07,893 INFO  [http-nio-8081-exec-2] DispatcherServlet: Initializing Servlet 'dispatcherServlet'
2022-02-01 05:07:07,894 INFO  [http-nio-8081-exec-2] DispatcherServlet: Completed initialization in 0 ms
2022-02-01 05:07:19,250 WARN  [http-nio-8081-exec-3] ResponseStatusExceptionResolver: Resolved [com.pokerrestapi.exception.SessionNotFoundException: Session not found]
2022-02-01 05:09:44,369 INFO  [Thread-6] LocalContainerEntityManagerFactoryBean: Closing JPA EntityManagerFactory for persistence unit 'default'
2022-02-01 05:09:44,370 INFO  [Thread-6] SchemaDropperImpl$DelayedDropActionImpl: HHH000477: Starting delayed evictData of schema as part of SessionFactory shut-down'
2022-02-01 05:09:44,598 WARN  [Thread-6] DisposableBeanAdapter: Invocation of destroy method failed on bean with name 'inMemoryDatabaseShutdownExecutor': org.h2.jdbc.JdbcSQLNonTransientConnectionException: Database is already closed (to disable automatic closing at VM shutdown, add ";DB_CLOSE_ON_EXIT=FALSE" to the db URL) [90121-200]
2022-02-01 05:09:44,599 INFO  [Thread-6] HikariDataSource: HikariPool-1 - Shutdown initiated...
2022-02-01 05:09:44,601 INFO  [Thread-6] HikariDataSource: HikariPool-1 - Shutdown completed.
2022-02-01 05:09:44,705 INFO  [restartedMain] PokerApplication: Starting PokerApplication using Java 17.0.1 on lin33004946 with PID 22860 (C:\Users\snehadc\git\pokersessionplanning\PokerRestApi\target\classes started by snehadc in C:\Users\snehadc\git\pokersessionplanning\PokerRestApi)
2022-02-01 05:09:44,705 INFO  [restartedMain] PokerApplication: No active profile set, falling back to default profiles: default
2022-02-01 05:09:44,888 INFO  [restartedMain] RepositoryConfigurationDelegate: Bootstrapping Spring Data JPA repositories in DEFAULT mode.
2022-02-01 05:09:44,913 INFO  [restartedMain] RepositoryConfigurationDelegate: Finished Spring Data repository scanning in 24 ms. Found 4 JPA repository interfaces.
2022-02-01 05:09:45,011 INFO  [restartedMain] TomcatWebServer: Tomcat initialized with port(s): 8081 (http)
2022-02-01 05:09:45,012 INFO  [restartedMain] Http11NioProtocol: Initializing ProtocolHandler ["http-nio-8081"]
2022-02-01 05:09:45,013 INFO  [restartedMain] StandardService: Starting service [Tomcat]
2022-02-01 05:09:45,013 INFO  [restartedMain] StandardEngine: Starting Servlet engine: [Apache Tomcat/9.0.55]
2022-02-01 05:09:45,038 INFO  [restartedMain] [/]: Initializing Spring embedded WebApplicationContext
2022-02-01 05:09:45,038 INFO  [restartedMain] ServletWebServerApplicationContext: Root WebApplicationContext: initialization completed in 331 ms
2022-02-01 05:09:45,049 INFO  [restartedMain] HikariDataSource: HikariPool-2 - Starting...
2022-02-01 05:09:45,051 INFO  [restartedMain] HikariDataSource: HikariPool-2 - Start completed.
2022-02-01 05:09:45,052 INFO  [restartedMain] H2ConsoleAutoConfiguration: H2 console available at '/h2-console'. Database available at 'jdbc:h2:mem:testdb'
2022-02-01 05:09:45,074 INFO  [restartedMain] LogHelper: HHH000204: Processing PersistenceUnitInfo [name: default]
2022-02-01 05:09:45,079 INFO  [restartedMain] Dialect: HHH000400: Using dialect: org.hibernate.dialect.H2Dialect
2022-02-01 05:09:45,156 INFO  [restartedMain] JtaPlatformInitiator: HHH000490: Using JtaPlatform implementation: [org.hibernate.engine.transaction.jta.platform.internal.NoJtaPlatform]
2022-02-01 05:09:45,157 INFO  [restartedMain] LocalContainerEntityManagerFactoryBean: Initialized JPA EntityManagerFactory for persistence unit 'default'
2022-02-01 05:09:45,287 WARN  [restartedMain] JpaBaseConfiguration$JpaWebConfiguration: spring.jpa.open-in-view is enabled by default. Therefore, database queries may be performed during view rendering. Explicitly configure spring.jpa.open-in-view to disable this warning
2022-02-01 05:09:45,368 INFO  [restartedMain] OptionalLiveReloadServer: LiveReload server is running on port 35729
2022-02-01 05:09:45,373 INFO  [restartedMain] Http11NioProtocol: Starting ProtocolHandler ["http-nio-8081"]
2022-02-01 05:09:45,377 INFO  [restartedMain] TomcatWebServer: Tomcat started on port(s): 8081 (http) with context path ''
2022-02-01 05:09:45,382 INFO  [restartedMain] PokerApplication: Started PokerApplication in 0.716 seconds (JVM running for 204.771)
2022-02-01 05:09:45,383 INFO  [restartedMain] ConditionEvaluationDeltaLoggingListener: Condition evaluation unchanged
2022-02-01 05:11:00,142 INFO  [restartedMain] PokerApplication: Starting PokerApplication using Java 17.0.1 on lin33004946 with PID 22992 (C:\Users\snehadc\git\pokersessionplanning\PokerRestApi\target\classes started by snehadc in C:\Users\snehadc\git\pokersessionplanning\PokerRestApi)
2022-02-01 05:11:00,146 INFO  [restartedMain] PokerApplication: No active profile set, falling back to default profiles: default
2022-02-01 05:11:00,200 INFO  [restartedMain] DevToolsPropertyDefaultsPostProcessor: Devtools property defaults active! Set 'spring.devtools.add-properties' to 'false' to disable
2022-02-01 05:11:00,200 INFO  [restartedMain] DevToolsPropertyDefaultsPostProcessor: For additional web related logging consider setting the 'logging.level.web' property to 'DEBUG'
2022-02-01 05:11:00,896 INFO  [restartedMain] RepositoryConfigurationDelegate: Bootstrapping Spring Data JPA repositories in DEFAULT mode.
2022-02-01 05:11:00,965 INFO  [restartedMain] RepositoryConfigurationDelegate: Finished Spring Data repository scanning in 58 ms. Found 4 JPA repository interfaces.
2022-02-01 05:11:01,652 INFO  [restartedMain] TomcatWebServer: Tomcat initialized with port(s): 8081 (http)
2022-02-01 05:11:01,664 INFO  [restartedMain] Http11NioProtocol: Initializing ProtocolHandler ["http-nio-8081"]
2022-02-01 05:11:01,665 INFO  [restartedMain] StandardService: Starting service [Tomcat]
2022-02-01 05:11:01,665 INFO  [restartedMain] StandardEngine: Starting Servlet engine: [Apache Tomcat/9.0.55]
2022-02-01 05:11:01,748 INFO  [restartedMain] [/]: Initializing Spring embedded WebApplicationContext
2022-02-01 05:11:01,749 INFO  [restartedMain] ServletWebServerApplicationContext: Root WebApplicationContext: initialization completed in 1548 ms
2022-02-01 05:11:01,787 INFO  [restartedMain] HikariDataSource: HikariPool-1 - Starting...
2022-02-01 05:11:01,950 INFO  [restartedMain] HikariDataSource: HikariPool-1 - Start completed.
2022-02-01 05:11:01,964 INFO  [restartedMain] H2ConsoleAutoConfiguration: H2 console available at '/h2-console'. Database available at 'jdbc:h2:mem:testdb'
2022-02-01 05:11:02,157 INFO  [restartedMain] LogHelper: HHH000204: Processing PersistenceUnitInfo [name: default]
2022-02-01 05:11:02,206 INFO  [restartedMain] Version: HHH000412: Hibernate ORM core version 5.6.1.Final
2022-02-01 05:11:02,373 INFO  [restartedMain] Version: HCANN000001: Hibernate Commons Annotations {5.1.2.Final}
2022-02-01 05:11:02,477 INFO  [restartedMain] Dialect: HHH000400: Using dialect: org.hibernate.dialect.H2Dialect
2022-02-01 05:11:03,212 INFO  [restartedMain] JtaPlatformInitiator: HHH000490: Using JtaPlatform implementation: [org.hibernate.engine.transaction.jta.platform.internal.NoJtaPlatform]
2022-02-01 05:11:03,221 INFO  [restartedMain] LocalContainerEntityManagerFactoryBean: Initialized JPA EntityManagerFactory for persistence unit 'default'
2022-02-01 05:11:03,877 WARN  [restartedMain] JpaBaseConfiguration$JpaWebConfiguration: spring.jpa.open-in-view is enabled by default. Therefore, database queries may be performed during view rendering. Explicitly configure spring.jpa.open-in-view to disable this warning
2022-02-01 05:11:04,313 INFO  [restartedMain] OptionalLiveReloadServer: LiveReload server is running on port 35729
2022-02-01 05:11:04,326 INFO  [restartedMain] Http11NioProtocol: Starting ProtocolHandler ["http-nio-8081"]
2022-02-01 05:11:04,370 INFO  [restartedMain] TomcatWebServer: Tomcat started on port(s): 8081 (http) with context path ''
2022-02-01 05:11:04,391 INFO  [restartedMain] PokerApplication: Started PokerApplication in 4.59 seconds (JVM running for 5.179)
2022-02-01 05:11:12,966 INFO  [http-nio-8081-exec-2] [/]: Initializing Spring DispatcherServlet 'dispatcherServlet'
2022-02-01 05:11:12,967 INFO  [http-nio-8081-exec-2] DispatcherServlet: Initializing Servlet 'dispatcherServlet'
2022-02-01 05:11:12,968 INFO  [http-nio-8081-exec-2] DispatcherServlet: Completed initialization in 1 ms
2022-02-01 05:11:13,058 WARN  [http-nio-8081-exec-2] ResponseStatusExceptionResolver: Resolved [com.pokerrestapi.exception.SessionNotFoundException: Session not found]
2022-02-01 05:12:38,270 INFO  [Thread-6] LocalContainerEntityManagerFactoryBean: Closing JPA EntityManagerFactory for persistence unit 'default'
2022-02-01 05:12:38,271 INFO  [Thread-6] SchemaDropperImpl$DelayedDropActionImpl: HHH000477: Starting delayed evictData of schema as part of SessionFactory shut-down'
2022-02-01 05:12:38,492 WARN  [Thread-6] DisposableBeanAdapter: Invocation of destroy method failed on bean with name 'inMemoryDatabaseShutdownExecutor': org.h2.jdbc.JdbcSQLNonTransientConnectionException: Database is already closed (to disable automatic closing at VM shutdown, add ";DB_CLOSE_ON_EXIT=FALSE" to the db URL) [90121-200]
2022-02-01 05:12:38,493 INFO  [Thread-6] HikariDataSource: HikariPool-1 - Shutdown initiated...
2022-02-01 05:12:38,496 INFO  [Thread-6] HikariDataSource: HikariPool-1 - Shutdown completed.
2022-02-01 05:12:38,561 INFO  [restartedMain] PokerApplication: Starting PokerApplication using Java 17.0.1 on lin33004946 with PID 22992 (C:\Users\snehadc\git\pokersessionplanning\PokerRestApi\target\classes started by snehadc in C:\Users\snehadc\git\pokersessionplanning\PokerRestApi)
2022-02-01 05:12:38,561 INFO  [restartedMain] PokerApplication: No active profile set, falling back to default profiles: default
2022-02-01 05:12:38,763 INFO  [restartedMain] RepositoryConfigurationDelegate: Bootstrapping Spring Data JPA repositories in DEFAULT mode.
2022-02-01 05:12:38,785 INFO  [restartedMain] RepositoryConfigurationDelegate: Finished Spring Data repository scanning in 21 ms. Found 4 JPA repository interfaces.
2022-02-01 05:12:38,887 INFO  [restartedMain] TomcatWebServer: Tomcat initialized with port(s): 8081 (http)
2022-02-01 05:12:38,889 INFO  [restartedMain] Http11NioProtocol: Initializing ProtocolHandler ["http-nio-8081"]
2022-02-01 05:12:38,889 INFO  [restartedMain] StandardService: Starting service [Tomcat]
2022-02-01 05:12:38,889 INFO  [restartedMain] StandardEngine: Starting Servlet engine: [Apache Tomcat/9.0.55]
2022-02-01 05:12:38,920 INFO  [restartedMain] [/]: Initializing Spring embedded WebApplicationContext
2022-02-01 05:12:38,920 INFO  [restartedMain] ServletWebServerApplicationContext: Root WebApplicationContext: initialization completed in 356 ms
2022-02-01 05:12:38,931 INFO  [restartedMain] HikariDataSource: HikariPool-2 - Starting...
2022-02-01 05:12:38,934 INFO  [restartedMain] HikariDataSource: HikariPool-2 - Start completed.
2022-02-01 05:12:38,935 INFO  [restartedMain] H2ConsoleAutoConfiguration: H2 console available at '/h2-console'. Database available at 'jdbc:h2:mem:testdb'
2022-02-01 05:12:38,956 INFO  [restartedMain] LogHelper: HHH000204: Processing PersistenceUnitInfo [name: default]
2022-02-01 05:12:38,963 INFO  [restartedMain] Dialect: HHH000400: Using dialect: org.hibernate.dialect.H2Dialect
2022-02-01 05:12:39,036 INFO  [restartedMain] JtaPlatformInitiator: HHH000490: Using JtaPlatform implementation: [org.hibernate.engine.transaction.jta.platform.internal.NoJtaPlatform]
2022-02-01 05:12:39,037 INFO  [restartedMain] LocalContainerEntityManagerFactoryBean: Initialized JPA EntityManagerFactory for persistence unit 'default'
2022-02-01 05:12:39,171 WARN  [restartedMain] JpaBaseConfiguration$JpaWebConfiguration: spring.jpa.open-in-view is enabled by default. Therefore, database queries may be performed during view rendering. Explicitly configure spring.jpa.open-in-view to disable this warning
2022-02-01 05:12:39,249 INFO  [restartedMain] OptionalLiveReloadServer: LiveReload server is running on port 35729
2022-02-01 05:12:39,254 INFO  [restartedMain] Http11NioProtocol: Starting ProtocolHandler ["http-nio-8081"]
2022-02-01 05:12:39,258 INFO  [restartedMain] TomcatWebServer: Tomcat started on port(s): 8081 (http) with context path ''
2022-02-01 05:12:39,261 INFO  [restartedMain] PokerApplication: Started PokerApplication in 0.731 seconds (JVM running for 100.051)
2022-02-01 05:12:39,264 INFO  [restartedMain] ConditionEvaluationDeltaLoggingListener: Condition evaluation unchanged
2022-02-01 05:26:04,210 INFO  [restartedMain] PokerApplication: Starting PokerApplication using Java 17.0.1 on lin33004946 with PID 20716 (C:\Users\snehadc\git\pokersessionplanning\PokerRestApi\target\classes started by snehadc in C:\Users\snehadc\git\pokersessionplanning\PokerRestApi)
2022-02-01 05:26:04,213 INFO  [restartedMain] PokerApplication: No active profile set, falling back to default profiles: default
2022-02-01 05:26:04,267 INFO  [restartedMain] DevToolsPropertyDefaultsPostProcessor: Devtools property defaults active! Set 'spring.devtools.add-properties' to 'false' to disable
2022-02-01 05:26:04,268 INFO  [restartedMain] DevToolsPropertyDefaultsPostProcessor: For additional web related logging consider setting the 'logging.level.web' property to 'DEBUG'
2022-02-01 05:26:04,938 INFO  [restartedMain] RepositoryConfigurationDelegate: Bootstrapping Spring Data JPA repositories in DEFAULT mode.
2022-02-01 05:26:05,006 INFO  [restartedMain] RepositoryConfigurationDelegate: Finished Spring Data repository scanning in 56 ms. Found 4 JPA repository interfaces.
2022-02-01 05:26:05,721 INFO  [restartedMain] TomcatWebServer: Tomcat initialized with port(s): 8081 (http)
2022-02-01 05:26:05,731 INFO  [restartedMain] Http11NioProtocol: Initializing ProtocolHandler ["http-nio-8081"]
2022-02-01 05:26:05,732 INFO  [restartedMain] StandardService: Starting service [Tomcat]
2022-02-01 05:26:05,732 INFO  [restartedMain] StandardEngine: Starting Servlet engine: [Apache Tomcat/9.0.55]
2022-02-01 05:26:05,825 INFO  [restartedMain] [/]: Initializing Spring embedded WebApplicationContext
2022-02-01 05:26:05,827 INFO  [restartedMain] ServletWebServerApplicationContext: Root WebApplicationContext: initialization completed in 1558 ms
2022-02-01 05:26:05,863 INFO  [restartedMain] HikariDataSource: HikariPool-1 - Starting...
2022-02-01 05:26:06,025 INFO  [restartedMain] HikariDataSource: HikariPool-1 - Start completed.
2022-02-01 05:26:06,039 INFO  [restartedMain] H2ConsoleAutoConfiguration: H2 console available at '/h2-console'. Database available at 'jdbc:h2:mem:testdb'
2022-02-01 05:26:06,223 INFO  [restartedMain] LogHelper: HHH000204: Processing PersistenceUnitInfo [name: default]
2022-02-01 05:26:06,269 INFO  [restartedMain] Version: HHH000412: Hibernate ORM core version 5.6.1.Final
2022-02-01 05:26:06,418 INFO  [restartedMain] Version: HCANN000001: Hibernate Commons Annotations {5.1.2.Final}
2022-02-01 05:26:06,530 INFO  [restartedMain] Dialect: HHH000400: Using dialect: org.hibernate.dialect.H2Dialect
2022-02-01 05:26:07,104 INFO  [restartedMain] JtaPlatformInitiator: HHH000490: Using JtaPlatform implementation: [org.hibernate.engine.transaction.jta.platform.internal.NoJtaPlatform]
2022-02-01 05:26:07,115 INFO  [restartedMain] LocalContainerEntityManagerFactoryBean: Initialized JPA EntityManagerFactory for persistence unit 'default'
2022-02-01 05:26:07,687 WARN  [restartedMain] JpaBaseConfiguration$JpaWebConfiguration: spring.jpa.open-in-view is enabled by default. Therefore, database queries may be performed during view rendering. Explicitly configure spring.jpa.open-in-view to disable this warning
2022-02-01 05:26:08,047 INFO  [restartedMain] OptionalLiveReloadServer: LiveReload server is running on port 35729
2022-02-01 05:26:08,060 INFO  [restartedMain] Http11NioProtocol: Starting ProtocolHandler ["http-nio-8081"]
2022-02-01 05:26:08,111 INFO  [restartedMain] TomcatWebServer: Tomcat started on port(s): 8081 (http) with context path ''
2022-02-01 05:26:08,124 INFO  [restartedMain] PokerApplication: Started PokerApplication in 4.227 seconds (JVM running for 4.83)
2022-02-01 05:26:14,127 INFO  [http-nio-8081-exec-2] [/]: Initializing Spring DispatcherServlet 'dispatcherServlet'
2022-02-01 05:26:14,127 INFO  [http-nio-8081-exec-2] DispatcherServlet: Initializing Servlet 'dispatcherServlet'
2022-02-01 05:26:14,128 INFO  [http-nio-8081-exec-2] DispatcherServlet: Completed initialization in 1 ms
2022-02-01 05:26:51,040 WARN  [http-nio-8081-exec-6] ResponseStatusExceptionResolver: Resolved [com.pokerrestapi.exception.SessionNotFoundException: Session not found]
2022-02-01 05:27:16,033 WARN  [http-nio-8081-exec-9] ResponseStatusExceptionResolver: Resolved [com.pokerrestapi.exception.SessionNotFoundException: Session not found]
2022-02-01 05:28:28,414 WARN  [http-nio-8081-exec-5] ResponseStatusExceptionResolver: Resolved [com.pokerrestapi.exception.UpdateMemberException: unable to add and update member]
2022-02-01 05:30:27,348 INFO  [Thread-6] LocalContainerEntityManagerFactoryBean: Closing JPA EntityManagerFactory for persistence unit 'default'
2022-02-01 05:30:27,349 INFO  [Thread-6] SchemaDropperImpl$DelayedDropActionImpl: HHH000477: Starting delayed evictData of schema as part of SessionFactory shut-down'
2022-02-01 05:30:27,575 WARN  [Thread-6] DisposableBeanAdapter: Invocation of destroy method failed on bean with name 'inMemoryDatabaseShutdownExecutor': org.h2.jdbc.JdbcSQLNonTransientConnectionException: Database is already closed (to disable automatic closing at VM shutdown, add ";DB_CLOSE_ON_EXIT=FALSE" to the db URL) [90121-200]
2022-02-01 05:30:27,576 INFO  [Thread-6] HikariDataSource: HikariPool-1 - Shutdown initiated...
2022-02-01 05:30:27,578 INFO  [Thread-6] HikariDataSource: HikariPool-1 - Shutdown completed.
2022-02-01 05:30:27,664 INFO  [restartedMain] PokerApplication: Starting PokerApplication using Java 17.0.1 on lin33004946 with PID 20716 (C:\Users\snehadc\git\pokersessionplanning\PokerRestApi\target\classes started by snehadc in C:\Users\snehadc\git\pokersessionplanning\PokerRestApi)
2022-02-01 05:30:27,665 INFO  [restartedMain] PokerApplication: No active profile set, falling back to default profiles: default
2022-02-01 05:30:27,874 INFO  [restartedMain] RepositoryConfigurationDelegate: Bootstrapping Spring Data JPA repositories in DEFAULT mode.
2022-02-01 05:30:27,906 INFO  [restartedMain] RepositoryConfigurationDelegate: Finished Spring Data repository scanning in 30 ms. Found 4 JPA repository interfaces.
2022-02-01 05:30:28,072 INFO  [restartedMain] TomcatWebServer: Tomcat initialized with port(s): 8081 (http)
2022-02-01 05:30:28,073 INFO  [restartedMain] Http11NioProtocol: Initializing ProtocolHandler ["http-nio-8081"]
2022-02-01 05:30:28,073 INFO  [restartedMain] StandardService: Starting service [Tomcat]
2022-02-01 05:30:28,074 INFO  [restartedMain] StandardEngine: Starting Servlet engine: [Apache Tomcat/9.0.55]
2022-02-01 05:30:28,102 INFO  [restartedMain] [/]: Initializing Spring embedded WebApplicationContext
2022-02-01 05:30:28,102 INFO  [restartedMain] ServletWebServerApplicationContext: Root WebApplicationContext: initialization completed in 434 ms
2022-02-01 05:30:28,118 INFO  [restartedMain] HikariDataSource: HikariPool-2 - Starting...
2022-02-01 05:30:28,121 INFO  [restartedMain] HikariDataSource: HikariPool-2 - Start completed.
2022-02-01 05:30:28,122 INFO  [restartedMain] H2ConsoleAutoConfiguration: H2 console available at '/h2-console'. Database available at 'jdbc:h2:mem:testdb'
2022-02-01 05:30:28,149 INFO  [restartedMain] LogHelper: HHH000204: Processing PersistenceUnitInfo [name: default]
2022-02-01 05:30:28,155 INFO  [restartedMain] Dialect: HHH000400: Using dialect: org.hibernate.dialect.H2Dialect
2022-02-01 05:30:28,260 INFO  [restartedMain] JtaPlatformInitiator: HHH000490: Using JtaPlatform implementation: [org.hibernate.engine.transaction.jta.platform.internal.NoJtaPlatform]
2022-02-01 05:30:28,261 INFO  [restartedMain] LocalContainerEntityManagerFactoryBean: Initialized JPA EntityManagerFactory for persistence unit 'default'
2022-02-01 05:30:28,427 WARN  [restartedMain] JpaBaseConfiguration$JpaWebConfiguration: spring.jpa.open-in-view is enabled by default. Therefore, database queries may be performed during view rendering. Explicitly configure spring.jpa.open-in-view to disable this warning
2022-02-01 05:30:28,544 INFO  [restartedMain] OptionalLiveReloadServer: LiveReload server is running on port 35729
2022-02-01 05:30:28,551 INFO  [restartedMain] Http11NioProtocol: Starting ProtocolHandler ["http-nio-8081"]
2022-02-01 05:30:28,555 INFO  [restartedMain] TomcatWebServer: Tomcat started on port(s): 8081 (http) with context path ''
2022-02-01 05:30:28,559 INFO  [restartedMain] PokerApplication: Started PokerApplication in 0.934 seconds (JVM running for 265.263)
2022-02-01 05:30:28,561 INFO  [restartedMain] ConditionEvaluationDeltaLoggingListener: Condition evaluation unchanged
2022-02-01 05:30:35,065 INFO  [http-nio-8081-exec-2] [/]: Initializing Spring DispatcherServlet 'dispatcherServlet'
2022-02-01 05:30:35,065 INFO  [http-nio-8081-exec-2] DispatcherServlet: Initializing Servlet 'dispatcherServlet'
2022-02-01 05:30:35,066 INFO  [http-nio-8081-exec-2] DispatcherServlet: Completed initialization in 1 ms
2022-02-01 05:31:39,364 WARN  [http-nio-8081-exec-9] ResponseStatusExceptionResolver: Resolved [com.pokerrestapi.exception.SessionNotFoundException: Session not found]
2022-02-01 05:33:56,348 INFO  [Thread-8] LocalContainerEntityManagerFactoryBean: Closing JPA EntityManagerFactory for persistence unit 'default'
2022-02-01 05:33:56,349 INFO  [Thread-8] SchemaDropperImpl$DelayedDropActionImpl: HHH000477: Starting delayed evictData of schema as part of SessionFactory shut-down'
2022-02-01 05:33:56,558 WARN  [Thread-8] DisposableBeanAdapter: Invocation of destroy method failed on bean with name 'inMemoryDatabaseShutdownExecutor': org.h2.jdbc.JdbcSQLNonTransientConnectionException: Database is already closed (to disable automatic closing at VM shutdown, add ";DB_CLOSE_ON_EXIT=FALSE" to the db URL) [90121-200]
2022-02-01 05:33:56,559 INFO  [Thread-8] HikariDataSource: HikariPool-2 - Shutdown initiated...
2022-02-01 05:33:56,560 INFO  [Thread-8] HikariDataSource: HikariPool-2 - Shutdown completed.
2022-02-01 05:33:56,632 INFO  [restartedMain] PokerApplication: Starting PokerApplication using Java 17.0.1 on lin33004946 with PID 20716 (C:\Users\snehadc\git\pokersessionplanning\PokerRestApi\target\classes started by snehadc in C:\Users\snehadc\git\pokersessionplanning\PokerRestApi)
2022-02-01 05:33:56,633 INFO  [restartedMain] PokerApplication: No active profile set, falling back to default profiles: default
2022-02-01 05:33:56,796 INFO  [restartedMain] RepositoryConfigurationDelegate: Bootstrapping Spring Data JPA repositories in DEFAULT mode.
2022-02-01 05:33:56,823 INFO  [restartedMain] RepositoryConfigurationDelegate: Finished Spring Data repository scanning in 26 ms. Found 4 JPA repository interfaces.
2022-02-01 05:33:56,909 INFO  [restartedMain] TomcatWebServer: Tomcat initialized with port(s): 8081 (http)
2022-02-01 05:33:56,910 INFO  [restartedMain] Http11NioProtocol: Initializing ProtocolHandler ["http-nio-8081"]
2022-02-01 05:33:56,910 INFO  [restartedMain] StandardService: Starting service [Tomcat]
2022-02-01 05:33:56,911 INFO  [restartedMain] StandardEngine: Starting Servlet engine: [Apache Tomcat/9.0.55]
2022-02-01 05:33:56,934 INFO  [restartedMain] [/]: Initializing Spring embedded WebApplicationContext
2022-02-01 05:33:56,935 INFO  [restartedMain] ServletWebServerApplicationContext: Root WebApplicationContext: initialization completed in 299 ms
2022-02-01 05:33:56,947 INFO  [restartedMain] HikariDataSource: HikariPool-3 - Starting...
2022-02-01 05:33:56,950 INFO  [restartedMain] HikariDataSource: HikariPool-3 - Start completed.
2022-02-01 05:33:56,951 INFO  [restartedMain] H2ConsoleAutoConfiguration: H2 console available at '/h2-console'. Database available at 'jdbc:h2:mem:testdb'
2022-02-01 05:33:56,971 INFO  [restartedMain] LogHelper: HHH000204: Processing PersistenceUnitInfo [name: default]
2022-02-01 05:33:56,975 INFO  [restartedMain] Dialect: HHH000400: Using dialect: org.hibernate.dialect.H2Dialect
2022-02-01 05:33:57,048 INFO  [restartedMain] JtaPlatformInitiator: HHH000490: Using JtaPlatform implementation: [org.hibernate.engine.transaction.jta.platform.internal.NoJtaPlatform]
2022-02-01 05:33:57,049 INFO  [restartedMain] LocalContainerEntityManagerFactoryBean: Initialized JPA EntityManagerFactory for persistence unit 'default'
2022-02-01 05:33:57,162 WARN  [restartedMain] JpaBaseConfiguration$JpaWebConfiguration: spring.jpa.open-in-view is enabled by default. Therefore, database queries may be performed during view rendering. Explicitly configure spring.jpa.open-in-view to disable this warning
2022-02-01 05:33:57,239 INFO  [restartedMain] OptionalLiveReloadServer: LiveReload server is running on port 35729
2022-02-01 05:33:57,242 INFO  [restartedMain] Http11NioProtocol: Starting ProtocolHandler ["http-nio-8081"]
2022-02-01 05:33:57,246 INFO  [restartedMain] TomcatWebServer: Tomcat started on port(s): 8081 (http) with context path ''
2022-02-01 05:33:57,249 INFO  [restartedMain] PokerApplication: Started PokerApplication in 0.645 seconds (JVM running for 473.953)
2022-02-01 05:33:57,250 INFO  [restartedMain] ConditionEvaluationDeltaLoggingListener: Condition evaluation unchanged
2022-02-01 05:35:16,044 INFO  [http-nio-8081-exec-2] [/]: Initializing Spring DispatcherServlet 'dispatcherServlet'
2022-02-01 05:35:16,044 INFO  [http-nio-8081-exec-2] DispatcherServlet: Initializing Servlet 'dispatcherServlet'
2022-02-01 05:35:16,045 INFO  [http-nio-8081-exec-2] DispatcherServlet: Completed initialization in 1 ms
2022-02-01 05:36:58,052 WARN  [http-nio-8081-exec-1] ResponseStatusExceptionResolver: Resolved [com.pokerrestapi.exception.UpdateMemberException: unable to add and update member]
2022-02-01 05:39:36,482 INFO  [Thread-12] LocalContainerEntityManagerFactoryBean: Closing JPA EntityManagerFactory for persistence unit 'default'
2022-02-01 05:39:36,483 INFO  [Thread-12] SchemaDropperImpl$DelayedDropActionImpl: HHH000477: Starting delayed evictData of schema as part of SessionFactory shut-down'
2022-02-01 05:39:36,686 WARN  [Thread-12] DisposableBeanAdapter: Invocation of destroy method failed on bean with name 'inMemoryDatabaseShutdownExecutor': org.h2.jdbc.JdbcSQLNonTransientConnectionException: Database is already closed (to disable automatic closing at VM shutdown, add ";DB_CLOSE_ON_EXIT=FALSE" to the db URL) [90121-200]
2022-02-01 05:39:36,687 INFO  [Thread-12] HikariDataSource: HikariPool-3 - Shutdown initiated...
2022-02-01 05:39:36,687 INFO  [Thread-12] HikariDataSource: HikariPool-3 - Shutdown completed.
2022-02-01 05:39:36,764 INFO  [restartedMain] PokerApplication: Starting PokerApplication using Java 17.0.1 on lin33004946 with PID 20716 (C:\Users\snehadc\git\pokersessionplanning\PokerRestApi\target\classes started by snehadc in C:\Users\snehadc\git\pokersessionplanning\PokerRestApi)
2022-02-01 05:39:36,765 INFO  [restartedMain] PokerApplication: No active profile set, falling back to default profiles: default
2022-02-01 05:39:36,911 INFO  [restartedMain] RepositoryConfigurationDelegate: Bootstrapping Spring Data JPA repositories in DEFAULT mode.
2022-02-01 05:39:36,934 INFO  [restartedMain] RepositoryConfigurationDelegate: Finished Spring Data repository scanning in 22 ms. Found 4 JPA repository interfaces.
2022-02-01 05:39:37,007 INFO  [restartedMain] TomcatWebServer: Tomcat initialized with port(s): 8081 (http)
2022-02-01 05:39:37,008 INFO  [restartedMain] Http11NioProtocol: Initializing ProtocolHandler ["http-nio-8081"]
2022-02-01 05:39:37,008 INFO  [restartedMain] StandardService: Starting service [Tomcat]
2022-02-01 05:39:37,009 INFO  [restartedMain] StandardEngine: Starting Servlet engine: [Apache Tomcat/9.0.55]
2022-02-01 05:39:37,033 INFO  [restartedMain] [/]: Initializing Spring embedded WebApplicationContext
2022-02-01 05:39:37,033 INFO  [restartedMain] ServletWebServerApplicationContext: Root WebApplicationContext: initialization completed in 266 ms
2022-02-01 05:39:37,043 INFO  [restartedMain] HikariDataSource: HikariPool-4 - Starting...
2022-02-01 05:39:37,046 INFO  [restartedMain] HikariDataSource: HikariPool-4 - Start completed.
2022-02-01 05:39:37,046 INFO  [restartedMain] H2ConsoleAutoConfiguration: H2 console available at '/h2-console'. Database available at 'jdbc:h2:mem:testdb'
2022-02-01 05:39:37,061 INFO  [restartedMain] LogHelper: HHH000204: Processing PersistenceUnitInfo [name: default]
2022-02-01 05:39:37,066 INFO  [restartedMain] Dialect: HHH000400: Using dialect: org.hibernate.dialect.H2Dialect
2022-02-01 05:39:37,132 INFO  [restartedMain] JtaPlatformInitiator: HHH000490: Using JtaPlatform implementation: [org.hibernate.engine.transaction.jta.platform.internal.NoJtaPlatform]
2022-02-01 05:39:37,132 INFO  [restartedMain] LocalContainerEntityManagerFactoryBean: Initialized JPA EntityManagerFactory for persistence unit 'default'
2022-02-01 05:39:37,244 WARN  [restartedMain] JpaBaseConfiguration$JpaWebConfiguration: spring.jpa.open-in-view is enabled by default. Therefore, database queries may be performed during view rendering. Explicitly configure spring.jpa.open-in-view to disable this warning
2022-02-01 05:39:37,299 INFO  [restartedMain] OptionalLiveReloadServer: LiveReload server is running on port 35729
2022-02-01 05:39:37,303 INFO  [restartedMain] Http11NioProtocol: Starting ProtocolHandler ["http-nio-8081"]
2022-02-01 05:39:37,306 INFO  [restartedMain] TomcatWebServer: Tomcat started on port(s): 8081 (http) with context path ''
2022-02-01 05:39:37,309 INFO  [restartedMain] PokerApplication: Started PokerApplication in 0.574 seconds (JVM running for 814.011)
2022-02-01 05:39:37,309 INFO  [restartedMain] ConditionEvaluationDeltaLoggingListener: Condition evaluation unchanged
2022-02-01 05:39:41,749 INFO  [http-nio-8081-exec-2] [/]: Initializing Spring DispatcherServlet 'dispatcherServlet'
2022-02-01 05:39:41,750 INFO  [http-nio-8081-exec-2] DispatcherServlet: Initializing Servlet 'dispatcherServlet'
2022-02-01 05:39:41,751 INFO  [http-nio-8081-exec-2] DispatcherServlet: Completed initialization in 1 ms
2022-02-01 05:40:04,934 WARN  [http-nio-8081-exec-5] ResponseStatusExceptionResolver: Resolved [com.pokerrestapi.exception.SessionNotFoundException: Session not found]
2022-02-01 05:41:22,420 INFO  [Thread-16] LocalContainerEntityManagerFactoryBean: Closing JPA EntityManagerFactory for persistence unit 'default'
2022-02-01 05:41:22,421 INFO  [Thread-16] SchemaDropperImpl$DelayedDropActionImpl: HHH000477: Starting delayed evictData of schema as part of SessionFactory shut-down'
2022-02-01 05:41:22,637 WARN  [Thread-16] DisposableBeanAdapter: Invocation of destroy method failed on bean with name 'inMemoryDatabaseShutdownExecutor': org.h2.jdbc.JdbcSQLNonTransientConnectionException: Database is already closed (to disable automatic closing at VM shutdown, add ";DB_CLOSE_ON_EXIT=FALSE" to the db URL) [90121-200]
2022-02-01 05:41:22,637 INFO  [Thread-16] HikariDataSource: HikariPool-4 - Shutdown initiated...
2022-02-01 05:41:22,638 INFO  [Thread-16] HikariDataSource: HikariPool-4 - Shutdown completed.
2022-02-01 05:41:22,701 INFO  [restartedMain] PokerApplication: Starting PokerApplication using Java 17.0.1 on lin33004946 with PID 20716 (C:\Users\snehadc\git\pokersessionplanning\PokerRestApi\target\classes started by snehadc in C:\Users\snehadc\git\pokersessionplanning\PokerRestApi)
2022-02-01 05:41:22,701 INFO  [restartedMain] PokerApplication: No active profile set, falling back to default profiles: default
2022-02-01 05:41:22,839 INFO  [restartedMain] RepositoryConfigurationDelegate: Bootstrapping Spring Data JPA repositories in DEFAULT mode.
2022-02-01 05:41:22,853 INFO  [restartedMain] RepositoryConfigurationDelegate: Finished Spring Data repository scanning in 14 ms. Found 4 JPA repository interfaces.
2022-02-01 05:41:22,912 INFO  [restartedMain] TomcatWebServer: Tomcat initialized with port(s): 8081 (http)
2022-02-01 05:41:22,913 INFO  [restartedMain] Http11NioProtocol: Initializing ProtocolHandler ["http-nio-8081"]
2022-02-01 05:41:22,913 INFO  [restartedMain] StandardService: Starting service [Tomcat]
2022-02-01 05:41:22,913 INFO  [restartedMain] StandardEngine: Starting Servlet engine: [Apache Tomcat/9.0.55]
2022-02-01 05:41:22,934 INFO  [restartedMain] [/]: Initializing Spring embedded WebApplicationContext
2022-02-01 05:41:22,934 INFO  [restartedMain] ServletWebServerApplicationContext: Root WebApplicationContext: initialization completed in 231 ms
2022-02-01 05:41:22,940 INFO  [restartedMain] HikariDataSource: HikariPool-5 - Starting...
2022-02-01 05:41:22,942 INFO  [restartedMain] HikariDataSource: HikariPool-5 - Start completed.
2022-02-01 05:41:22,942 INFO  [restartedMain] H2ConsoleAutoConfiguration: H2 console available at '/h2-console'. Database available at 'jdbc:h2:mem:testdb'
2022-02-01 05:41:22,956 INFO  [restartedMain] LogHelper: HHH000204: Processing PersistenceUnitInfo [name: default]
2022-02-01 05:41:22,961 INFO  [restartedMain] Dialect: HHH000400: Using dialect: org.hibernate.dialect.H2Dialect
2022-02-01 05:41:23,018 INFO  [restartedMain] JtaPlatformInitiator: HHH000490: Using JtaPlatform implementation: [org.hibernate.engine.transaction.jta.platform.internal.NoJtaPlatform]
2022-02-01 05:41:23,019 INFO  [restartedMain] LocalContainerEntityManagerFactoryBean: Initialized JPA EntityManagerFactory for persistence unit 'default'
2022-02-01 05:41:23,110 WARN  [restartedMain] JpaBaseConfiguration$JpaWebConfiguration: spring.jpa.open-in-view is enabled by default. Therefore, database queries may be performed during view rendering. Explicitly configure spring.jpa.open-in-view to disable this warning
2022-02-01 05:41:23,163 INFO  [restartedMain] OptionalLiveReloadServer: LiveReload server is running on port 35729
2022-02-01 05:41:23,167 INFO  [restartedMain] Http11NioProtocol: Starting ProtocolHandler ["http-nio-8081"]
2022-02-01 05:41:23,170 INFO  [restartedMain] TomcatWebServer: Tomcat started on port(s): 8081 (http) with context path ''
2022-02-01 05:41:23,171 INFO  [restartedMain] PokerApplication: Started PokerApplication in 0.493 seconds (JVM running for 919.864)
2022-02-01 05:41:23,172 INFO  [restartedMain] ConditionEvaluationDeltaLoggingListener: Condition evaluation unchanged
2022-02-01 05:43:02,264 INFO  [Thread-20] LocalContainerEntityManagerFactoryBean: Closing JPA EntityManagerFactory for persistence unit 'default'
2022-02-01 05:43:02,264 INFO  [Thread-20] SchemaDropperImpl$DelayedDropActionImpl: HHH000477: Starting delayed evictData of schema as part of SessionFactory shut-down'
2022-02-01 05:43:02,469 WARN  [Thread-20] DisposableBeanAdapter: Invocation of destroy method failed on bean with name 'inMemoryDatabaseShutdownExecutor': org.h2.jdbc.JdbcSQLNonTransientConnectionException: Database is already closed (to disable automatic closing at VM shutdown, add ";DB_CLOSE_ON_EXIT=FALSE" to the db URL) [90121-200]
2022-02-01 05:43:02,470 INFO  [Thread-20] HikariDataSource: HikariPool-5 - Shutdown initiated...
2022-02-01 05:43:02,470 INFO  [Thread-20] HikariDataSource: HikariPool-5 - Shutdown completed.
2022-02-01 05:43:02,539 INFO  [restartedMain] PokerApplication: Starting PokerApplication using Java 17.0.1 on lin33004946 with PID 20716 (C:\Users\snehadc\git\pokersessionplanning\PokerRestApi\target\classes started by snehadc in C:\Users\snehadc\git\pokersessionplanning\PokerRestApi)
2022-02-01 05:43:02,539 INFO  [restartedMain] PokerApplication: No active profile set, falling back to default profiles: default
2022-02-01 05:43:02,664 INFO  [restartedMain] RepositoryConfigurationDelegate: Bootstrapping Spring Data JPA repositories in DEFAULT mode.
2022-02-01 05:43:02,685 INFO  [restartedMain] RepositoryConfigurationDelegate: Finished Spring Data repository scanning in 20 ms. Found 4 JPA repository interfaces.
2022-02-01 05:43:02,755 INFO  [restartedMain] TomcatWebServer: Tomcat initialized with port(s): 8081 (http)
2022-02-01 05:43:02,756 INFO  [restartedMain] Http11NioProtocol: Initializing ProtocolHandler ["http-nio-8081"]
2022-02-01 05:43:02,757 INFO  [restartedMain] StandardService: Starting service [Tomcat]
2022-02-01 05:43:02,757 INFO  [restartedMain] StandardEngine: Starting Servlet engine: [Apache Tomcat/9.0.55]
2022-02-01 05:43:02,776 INFO  [restartedMain] [/]: Initializing Spring embedded WebApplicationContext
2022-02-01 05:43:02,776 INFO  [restartedMain] ServletWebServerApplicationContext: Root WebApplicationContext: initialization completed in 235 ms
2022-02-01 05:43:02,782 INFO  [restartedMain] HikariDataSource: HikariPool-6 - Starting...
2022-02-01 05:43:02,784 INFO  [restartedMain] HikariDataSource: HikariPool-6 - Start completed.
2022-02-01 05:43:02,784 INFO  [restartedMain] H2ConsoleAutoConfiguration: H2 console available at '/h2-console'. Database available at 'jdbc:h2:mem:testdb'
2022-02-01 05:43:02,797 INFO  [restartedMain] LogHelper: HHH000204: Processing PersistenceUnitInfo [name: default]
2022-02-01 05:43:02,802 INFO  [restartedMain] Dialect: HHH000400: Using dialect: org.hibernate.dialect.H2Dialect
2022-02-01 05:43:02,859 INFO  [restartedMain] JtaPlatformInitiator: HHH000490: Using JtaPlatform implementation: [org.hibernate.engine.transaction.jta.platform.internal.NoJtaPlatform]
2022-02-01 05:43:02,860 INFO  [restartedMain] LocalContainerEntityManagerFactoryBean: Initialized JPA EntityManagerFactory for persistence unit 'default'
2022-02-01 05:43:02,944 WARN  [restartedMain] JpaBaseConfiguration$JpaWebConfiguration: spring.jpa.open-in-view is enabled by default. Therefore, database queries may be performed during view rendering. Explicitly configure spring.jpa.open-in-view to disable this warning
2022-02-01 05:43:02,995 INFO  [restartedMain] OptionalLiveReloadServer: LiveReload server is running on port 35729
2022-02-01 05:43:02,999 INFO  [restartedMain] Http11NioProtocol: Starting ProtocolHandler ["http-nio-8081"]
2022-02-01 05:43:03,001 INFO  [restartedMain] TomcatWebServer: Tomcat started on port(s): 8081 (http) with context path ''
2022-02-01 05:43:03,003 INFO  [restartedMain] PokerApplication: Started PokerApplication in 0.493 seconds (JVM running for 1019.686)
2022-02-01 05:43:03,004 INFO  [restartedMain] ConditionEvaluationDeltaLoggingListener: Condition evaluation unchanged
2022-02-01 05:43:08,567 INFO  [Thread-24] LocalContainerEntityManagerFactoryBean: Closing JPA EntityManagerFactory for persistence unit 'default'
2022-02-01 05:43:08,567 INFO  [Thread-24] SchemaDropperImpl$DelayedDropActionImpl: HHH000477: Starting delayed evictData of schema as part of SessionFactory shut-down'
2022-02-01 05:43:08,779 WARN  [Thread-24] DisposableBeanAdapter: Invocation of destroy method failed on bean with name 'inMemoryDatabaseShutdownExecutor': org.h2.jdbc.JdbcSQLNonTransientConnectionException: Database is already closed (to disable automatic closing at VM shutdown, add ";DB_CLOSE_ON_EXIT=FALSE" to the db URL) [90121-200]
2022-02-01 05:43:08,780 INFO  [Thread-24] HikariDataSource: HikariPool-6 - Shutdown initiated...
2022-02-01 05:43:08,780 INFO  [Thread-24] HikariDataSource: HikariPool-6 - Shutdown completed.
2022-02-01 05:43:08,841 INFO  [restartedMain] PokerApplication: Starting PokerApplication using Java 17.0.1 on lin33004946 with PID 20716 (C:\Users\snehadc\git\pokersessionplanning\PokerRestApi\target\classes started by snehadc in C:\Users\snehadc\git\pokersessionplanning\PokerRestApi)
2022-02-01 05:43:08,841 INFO  [restartedMain] PokerApplication: No active profile set, falling back to default profiles: default
2022-02-01 05:43:08,946 INFO  [restartedMain] RepositoryConfigurationDelegate: Bootstrapping Spring Data JPA repositories in DEFAULT mode.
2022-02-01 05:43:08,962 INFO  [restartedMain] RepositoryConfigurationDelegate: Finished Spring Data repository scanning in 15 ms. Found 4 JPA repository interfaces.
2022-02-01 05:43:09,013 INFO  [restartedMain] TomcatWebServer: Tomcat initialized with port(s): 8081 (http)
2022-02-01 05:43:09,014 INFO  [restartedMain] Http11NioProtocol: Initializing ProtocolHandler ["http-nio-8081"]
2022-02-01 05:43:09,015 INFO  [restartedMain] StandardService: Starting service [Tomcat]
2022-02-01 05:43:09,015 INFO  [restartedMain] StandardEngine: Starting Servlet engine: [Apache Tomcat/9.0.55]
2022-02-01 05:43:09,038 INFO  [restartedMain] [/]: Initializing Spring embedded WebApplicationContext
2022-02-01 05:43:09,038 INFO  [restartedMain] ServletWebServerApplicationContext: Root WebApplicationContext: initialization completed in 196 ms
2022-02-01 05:43:09,045 INFO  [restartedMain] HikariDataSource: HikariPool-7 - Starting...
2022-02-01 05:43:09,047 INFO  [restartedMain] HikariDataSource: HikariPool-7 - Start completed.
2022-02-01 05:43:09,047 INFO  [restartedMain] H2ConsoleAutoConfiguration: H2 console available at '/h2-console'. Database available at 'jdbc:h2:mem:testdb'
2022-02-01 05:43:09,060 INFO  [restartedMain] LogHelper: HHH000204: Processing PersistenceUnitInfo [name: default]
2022-02-01 05:43:09,063 INFO  [restartedMain] Dialect: HHH000400: Using dialect: org.hibernate.dialect.H2Dialect
2022-02-01 05:43:09,110 INFO  [restartedMain] JtaPlatformInitiator: HHH000490: Using JtaPlatform implementation: [org.hibernate.engine.transaction.jta.platform.internal.NoJtaPlatform]
2022-02-01 05:43:09,110 INFO  [restartedMain] LocalContainerEntityManagerFactoryBean: Initialized JPA EntityManagerFactory for persistence unit 'default'
2022-02-01 05:43:09,181 WARN  [restartedMain] JpaBaseConfiguration$JpaWebConfiguration: spring.jpa.open-in-view is enabled by default. Therefore, database queries may be performed during view rendering. Explicitly configure spring.jpa.open-in-view to disable this warning
2022-02-01 05:43:09,222 INFO  [restartedMain] OptionalLiveReloadServer: LiveReload server is running on port 35729
2022-02-01 05:43:09,224 INFO  [restartedMain] Http11NioProtocol: Starting ProtocolHandler ["http-nio-8081"]
2022-02-01 05:43:09,229 INFO  [restartedMain] TomcatWebServer: Tomcat started on port(s): 8081 (http) with context path ''
2022-02-01 05:43:09,231 INFO  [restartedMain] PokerApplication: Started PokerApplication in 0.413 seconds (JVM running for 1025.913)
2022-02-01 05:43:09,232 INFO  [restartedMain] ConditionEvaluationDeltaLoggingListener: Condition evaluation unchanged
2022-02-01 05:43:13,159 INFO  [http-nio-8081-exec-2] [/]: Initializing Spring DispatcherServlet 'dispatcherServlet'
2022-02-01 05:43:13,159 INFO  [http-nio-8081-exec-2] DispatcherServlet: Initializing Servlet 'dispatcherServlet'
2022-02-01 05:43:13,160 INFO  [http-nio-8081-exec-2] DispatcherServlet: Completed initialization in 1 ms
2022-02-01 05:44:39,628 WARN  [http-nio-8081-exec-10] ResponseStatusExceptionResolver: Resolved [com.pokerrestapi.exception.UserStoryDeletionNotPermitted: UserStorycan't delete if voting status is voting or voted]
2022-02-01 05:47:32,484 INFO  [restartedMain] PokerApplication: Starting PokerApplication using Java 17.0.1 on lin33004946 with PID 13436 (C:\Users\snehadc\git\pokersessionplanning\PokerRestApi\target\classes started by snehadc in C:\Users\snehadc\git\pokersessionplanning\PokerRestApi)
2022-02-01 05:47:32,488 INFO  [restartedMain] PokerApplication: No active profile set, falling back to default profiles: default
2022-02-01 05:47:32,537 INFO  [restartedMain] DevToolsPropertyDefaultsPostProcessor: Devtools property defaults active! Set 'spring.devtools.add-properties' to 'false' to disable
2022-02-01 05:47:32,538 INFO  [restartedMain] DevToolsPropertyDefaultsPostProcessor: For additional web related logging consider setting the 'logging.level.web' property to 'DEBUG'
2022-02-01 05:47:33,167 INFO  [restartedMain] RepositoryConfigurationDelegate: Bootstrapping Spring Data JPA repositories in DEFAULT mode.
2022-02-01 05:47:33,239 INFO  [restartedMain] RepositoryConfigurationDelegate: Finished Spring Data repository scanning in 59 ms. Found 4 JPA repository interfaces.
2022-02-01 05:47:33,992 INFO  [restartedMain] TomcatWebServer: Tomcat initialized with port(s): 8081 (http)
2022-02-01 05:47:34,002 INFO  [restartedMain] Http11NioProtocol: Initializing ProtocolHandler ["http-nio-8081"]
2022-02-01 05:47:34,004 INFO  [restartedMain] StandardService: Starting service [Tomcat]
2022-02-01 05:47:34,004 INFO  [restartedMain] StandardEngine: Starting Servlet engine: [Apache Tomcat/9.0.55]
2022-02-01 05:47:34,090 INFO  [restartedMain] [/]: Initializing Spring embedded WebApplicationContext
2022-02-01 05:47:34,090 INFO  [restartedMain] ServletWebServerApplicationContext: Root WebApplicationContext: initialization completed in 1552 ms
2022-02-01 05:47:34,125 INFO  [restartedMain] HikariDataSource: HikariPool-1 - Starting...
2022-02-01 05:47:34,286 INFO  [restartedMain] HikariDataSource: HikariPool-1 - Start completed.
2022-02-01 05:47:34,297 INFO  [restartedMain] H2ConsoleAutoConfiguration: H2 console available at '/h2-console'. Database available at 'jdbc:h2:mem:testdb'
2022-02-01 05:47:34,472 INFO  [restartedMain] LogHelper: HHH000204: Processing PersistenceUnitInfo [name: default]
2022-02-01 05:47:34,521 INFO  [restartedMain] Version: HHH000412: Hibernate ORM core version 5.6.1.Final
2022-02-01 05:47:34,664 INFO  [restartedMain] Version: HCANN000001: Hibernate Commons Annotations {5.1.2.Final}
2022-02-01 05:47:34,764 INFO  [restartedMain] Dialect: HHH000400: Using dialect: org.hibernate.dialect.H2Dialect
2022-02-01 05:47:35,337 INFO  [restartedMain] JtaPlatformInitiator: HHH000490: Using JtaPlatform implementation: [org.hibernate.engine.transaction.jta.platform.internal.NoJtaPlatform]
2022-02-01 05:47:35,343 INFO  [restartedMain] LocalContainerEntityManagerFactoryBean: Initialized JPA EntityManagerFactory for persistence unit 'default'
2022-02-01 05:47:35,877 WARN  [restartedMain] JpaBaseConfiguration$JpaWebConfiguration: spring.jpa.open-in-view is enabled by default. Therefore, database queries may be performed during view rendering. Explicitly configure spring.jpa.open-in-view to disable this warning
2022-02-01 05:47:36,221 INFO  [restartedMain] OptionalLiveReloadServer: LiveReload server is running on port 35729
2022-02-01 05:47:36,235 INFO  [restartedMain] Http11NioProtocol: Starting ProtocolHandler ["http-nio-8081"]
2022-02-01 05:47:36,292 INFO  [restartedMain] TomcatWebServer: Tomcat started on port(s): 8081 (http) with context path ''
2022-02-01 05:47:36,304 INFO  [restartedMain] PokerApplication: Started PokerApplication in 4.15 seconds (JVM running for 4.712)
2022-02-01 05:47:52,429 INFO  [http-nio-8081-exec-1] [/]: Initializing Spring DispatcherServlet 'dispatcherServlet'
2022-02-01 05:47:52,429 INFO  [http-nio-8081-exec-1] DispatcherServlet: Initializing Servlet 'dispatcherServlet'
2022-02-01 05:47:52,431 INFO  [http-nio-8081-exec-1] DispatcherServlet: Completed initialization in 2 ms
2022-02-01 05:48:05,905 WARN  [http-nio-8081-exec-4] ResponseStatusExceptionResolver: Resolved [com.pokerrestapi.exception.SessionNotFoundException: Session not found]
2022-02-01 05:48:21,764 INFO  [Thread-6] LocalContainerEntityManagerFactoryBean: Closing JPA EntityManagerFactory for persistence unit 'default'
2022-02-01 05:48:21,764 INFO  [Thread-6] SchemaDropperImpl$DelayedDropActionImpl: HHH000477: Starting delayed evictData of schema as part of SessionFactory shut-down'
2022-02-01 05:48:21,993 WARN  [Thread-6] DisposableBeanAdapter: Invocation of destroy method failed on bean with name 'inMemoryDatabaseShutdownExecutor': org.h2.jdbc.JdbcSQLNonTransientConnectionException: Database is already closed (to disable automatic closing at VM shutdown, add ";DB_CLOSE_ON_EXIT=FALSE" to the db URL) [90121-200]
2022-02-01 05:48:21,993 INFO  [Thread-6] HikariDataSource: HikariPool-1 - Shutdown initiated...
2022-02-01 05:48:21,995 INFO  [Thread-6] HikariDataSource: HikariPool-1 - Shutdown completed.
2022-02-01 05:48:22,062 INFO  [restartedMain] PokerApplication: Starting PokerApplication using Java 17.0.1 on lin33004946 with PID 13436 (C:\Users\snehadc\git\pokersessionplanning\PokerRestApi\target\classes started by snehadc in C:\Users\snehadc\git\pokersessionplanning\PokerRestApi)
2022-02-01 05:48:22,062 INFO  [restartedMain] PokerApplication: No active profile set, falling back to default profiles: default
2022-02-01 05:48:22,221 INFO  [restartedMain] RepositoryConfigurationDelegate: Bootstrapping Spring Data JPA repositories in DEFAULT mode.
2022-02-01 05:48:22,244 INFO  [restartedMain] RepositoryConfigurationDelegate: Finished Spring Data repository scanning in 22 ms. Found 4 JPA repository interfaces.
2022-02-01 05:48:22,357 INFO  [restartedMain] TomcatWebServer: Tomcat initialized with port(s): 8081 (http)
2022-02-01 05:48:22,358 INFO  [restartedMain] Http11NioProtocol: Initializing ProtocolHandler ["http-nio-8081"]
2022-02-01 05:48:22,359 INFO  [restartedMain] StandardService: Starting service [Tomcat]
2022-02-01 05:48:22,359 INFO  [restartedMain] StandardEngine: Starting Servlet engine: [Apache Tomcat/9.0.55]
2022-02-01 05:48:22,379 INFO  [restartedMain] [/]: Initializing Spring embedded WebApplicationContext
2022-02-01 05:48:22,380 INFO  [restartedMain] ServletWebServerApplicationContext: Root WebApplicationContext: initialization completed in 316 ms
2022-02-01 05:48:22,388 INFO  [restartedMain] HikariDataSource: HikariPool-2 - Starting...
2022-02-01 05:48:22,391 INFO  [restartedMain] HikariDataSource: HikariPool-2 - Start completed.
2022-02-01 05:48:22,391 INFO  [restartedMain] H2ConsoleAutoConfiguration: H2 console available at '/h2-console'. Database available at 'jdbc:h2:mem:testdb'
2022-02-01 05:48:22,407 INFO  [restartedMain] LogHelper: HHH000204: Processing PersistenceUnitInfo [name: default]
2022-02-01 05:48:22,412 INFO  [restartedMain] Dialect: HHH000400: Using dialect: org.hibernate.dialect.H2Dialect
2022-02-01 05:48:22,482 INFO  [restartedMain] JtaPlatformInitiator: HHH000490: Using JtaPlatform implementation: [org.hibernate.engine.transaction.jta.platform.internal.NoJtaPlatform]
2022-02-01 05:48:22,482 INFO  [restartedMain] LocalContainerEntityManagerFactoryBean: Initialized JPA EntityManagerFactory for persistence unit 'default'
2022-02-01 05:48:22,619 WARN  [restartedMain] JpaBaseConfiguration$JpaWebConfiguration: spring.jpa.open-in-view is enabled by default. Therefore, database queries may be performed during view rendering. Explicitly configure spring.jpa.open-in-view to disable this warning
2022-02-01 05:48:22,707 INFO  [restartedMain] OptionalLiveReloadServer: LiveReload server is running on port 35729
2022-02-01 05:48:22,712 INFO  [restartedMain] Http11NioProtocol: Starting ProtocolHandler ["http-nio-8081"]
2022-02-01 05:48:22,715 INFO  [restartedMain] TomcatWebServer: Tomcat started on port(s): 8081 (http) with context path ''
2022-02-01 05:48:22,719 INFO  [restartedMain] PokerApplication: Started PokerApplication in 0.686 seconds (JVM running for 51.127)
2022-02-01 05:48:22,722 INFO  [restartedMain] ConditionEvaluationDeltaLoggingListener: Condition evaluation unchanged
2022-02-01 05:48:28,838 INFO  [http-nio-8081-exec-2] [/]: Initializing Spring DispatcherServlet 'dispatcherServlet'
2022-02-01 05:48:28,839 INFO  [http-nio-8081-exec-2] DispatcherServlet: Initializing Servlet 'dispatcherServlet'
2022-02-01 05:48:28,839 INFO  [http-nio-8081-exec-2] DispatcherServlet: Completed initialization in 0 ms
2022-02-01 05:48:41,652 WARN  [http-nio-8081-exec-4] ResponseStatusExceptionResolver: Resolved [com.pokerrestapi.exception.SessionNotFoundException: Session not found]
2022-02-01 05:49:01,125 INFO  [Thread-8] LocalContainerEntityManagerFactoryBean: Closing JPA EntityManagerFactory for persistence unit 'default'
2022-02-01 05:49:01,126 INFO  [Thread-8] SchemaDropperImpl$DelayedDropActionImpl: HHH000477: Starting delayed evictData of schema as part of SessionFactory shut-down'
2022-02-01 05:49:01,340 WARN  [Thread-8] DisposableBeanAdapter: Invocation of destroy method failed on bean with name 'inMemoryDatabaseShutdownExecutor': org.h2.jdbc.JdbcSQLNonTransientConnectionException: Database is already closed (to disable automatic closing at VM shutdown, add ";DB_CLOSE_ON_EXIT=FALSE" to the db URL) [90121-200]
2022-02-01 05:49:01,340 INFO  [Thread-8] HikariDataSource: HikariPool-2 - Shutdown initiated...
2022-02-01 05:49:01,341 INFO  [Thread-8] HikariDataSource: HikariPool-2 - Shutdown completed.
2022-02-01 05:49:01,407 INFO  [restartedMain] PokerApplication: Starting PokerApplication using Java 17.0.1 on lin33004946 with PID 13436 (C:\Users\snehadc\git\pokersessionplanning\PokerRestApi\target\classes started by snehadc in C:\Users\snehadc\git\pokersessionplanning\PokerRestApi)
2022-02-01 05:49:01,407 INFO  [restartedMain] PokerApplication: No active profile set, falling back to default profiles: default
2022-02-01 05:49:01,663 INFO  [restartedMain] RepositoryConfigurationDelegate: Bootstrapping Spring Data JPA repositories in DEFAULT mode.
2022-02-01 05:49:01,689 INFO  [restartedMain] RepositoryConfigurationDelegate: Finished Spring Data repository scanning in 25 ms. Found 4 JPA repository interfaces.
2022-02-01 05:49:01,774 INFO  [restartedMain] TomcatWebServer: Tomcat initialized with port(s): 8081 (http)
2022-02-01 05:49:01,775 INFO  [restartedMain] Http11NioProtocol: Initializing ProtocolHandler ["http-nio-8081"]
2022-02-01 05:49:01,776 INFO  [restartedMain] StandardService: Starting service [Tomcat]
2022-02-01 05:49:01,776 INFO  [restartedMain] StandardEngine: Starting Servlet engine: [Apache Tomcat/9.0.55]
2022-02-01 05:49:01,797 INFO  [restartedMain] [/]: Initializing Spring embedded WebApplicationContext
2022-02-01 05:49:01,797 INFO  [restartedMain] ServletWebServerApplicationContext: Root WebApplicationContext: initialization completed in 388 ms
2022-02-01 05:49:01,806 INFO  [restartedMain] HikariDataSource: HikariPool-3 - Starting...
2022-02-01 05:49:01,808 INFO  [restartedMain] HikariDataSource: HikariPool-3 - Start completed.
2022-02-01 05:49:01,809 INFO  [restartedMain] H2ConsoleAutoConfiguration: H2 console available at '/h2-console'. Database available at 'jdbc:h2:mem:testdb'
2022-02-01 05:49:01,825 INFO  [restartedMain] LogHelper: HHH000204: Processing PersistenceUnitInfo [name: default]
2022-02-01 05:49:01,828 INFO  [restartedMain] Dialect: HHH000400: Using dialect: org.hibernate.dialect.H2Dialect
2022-02-01 05:49:01,888 INFO  [restartedMain] JtaPlatformInitiator: HHH000490: Using JtaPlatform implementation: [org.hibernate.engine.transaction.jta.platform.internal.NoJtaPlatform]
2022-02-01 05:49:01,888 INFO  [restartedMain] LocalContainerEntityManagerFactoryBean: Initialized JPA EntityManagerFactory for persistence unit 'default'
2022-02-01 05:49:01,988 WARN  [restartedMain] JpaBaseConfiguration$JpaWebConfiguration: spring.jpa.open-in-view is enabled by default. Therefore, database queries may be performed during view rendering. Explicitly configure spring.jpa.open-in-view to disable this warning
2022-02-01 05:49:02,062 INFO  [restartedMain] OptionalLiveReloadServer: LiveReload server is running on port 35729
2022-02-01 05:49:02,066 INFO  [restartedMain] Http11NioProtocol: Starting ProtocolHandler ["http-nio-8081"]
2022-02-01 05:49:02,073 INFO  [restartedMain] TomcatWebServer: Tomcat started on port(s): 8081 (http) with context path ''
2022-02-01 05:49:02,077 INFO  [restartedMain] PokerApplication: Started PokerApplication in 0.699 seconds (JVM running for 90.485)
2022-02-01 05:49:02,078 INFO  [restartedMain] ConditionEvaluationDeltaLoggingListener: Condition evaluation unchanged
2022-02-01 06:43:40,563 INFO  [restartedMain] PokerApplication: Starting PokerApplication using Java 17.0.1 on lin33004946 with PID 15476 (C:\Users\snehadc\git\pokersessionplanning\PokerRestApi\target\classes started by snehadc in C:\Users\snehadc\git\pokersessionplanning\PokerRestApi)
2022-02-01 06:43:40,567 INFO  [restartedMain] PokerApplication: No active profile set, falling back to default profiles: default
2022-02-01 06:43:40,620 INFO  [restartedMain] DevToolsPropertyDefaultsPostProcessor: Devtools property defaults active! Set 'spring.devtools.add-properties' to 'false' to disable
2022-02-01 06:43:40,622 INFO  [restartedMain] DevToolsPropertyDefaultsPostProcessor: For additional web related logging consider setting the 'logging.level.web' property to 'DEBUG'
2022-02-01 06:43:41,293 INFO  [restartedMain] RepositoryConfigurationDelegate: Bootstrapping Spring Data JPA repositories in DEFAULT mode.
2022-02-01 06:43:41,365 INFO  [restartedMain] RepositoryConfigurationDelegate: Finished Spring Data repository scanning in 59 ms. Found 4 JPA repository interfaces.
2022-02-01 06:43:42,077 INFO  [restartedMain] TomcatWebServer: Tomcat initialized with port(s): 8081 (http)
2022-02-01 06:43:42,091 INFO  [restartedMain] Http11NioProtocol: Initializing ProtocolHandler ["http-nio-8081"]
2022-02-01 06:43:42,092 INFO  [restartedMain] StandardService: Starting service [Tomcat]
2022-02-01 06:43:42,092 INFO  [restartedMain] StandardEngine: Starting Servlet engine: [Apache Tomcat/9.0.55]
2022-02-01 06:43:42,175 INFO  [restartedMain] [/]: Initializing Spring embedded WebApplicationContext
2022-02-01 06:43:42,176 INFO  [restartedMain] ServletWebServerApplicationContext: Root WebApplicationContext: initialization completed in 1554 ms
2022-02-01 06:43:42,213 INFO  [restartedMain] HikariDataSource: HikariPool-1 - Starting...
2022-02-01 06:43:42,395 INFO  [restartedMain] HikariDataSource: HikariPool-1 - Start completed.
2022-02-01 06:43:42,408 INFO  [restartedMain] H2ConsoleAutoConfiguration: H2 console available at '/h2-console'. Database available at 'jdbc:h2:mem:testdb'
2022-02-01 06:43:42,584 INFO  [restartedMain] LogHelper: HHH000204: Processing PersistenceUnitInfo [name: default]
2022-02-01 06:43:42,628 INFO  [restartedMain] Version: HHH000412: Hibernate ORM core version 5.6.1.Final
2022-02-01 06:43:42,767 INFO  [restartedMain] Version: HCANN000001: Hibernate Commons Annotations {5.1.2.Final}
2022-02-01 06:43:42,871 INFO  [restartedMain] Dialect: HHH000400: Using dialect: org.hibernate.dialect.H2Dialect
2022-02-01 06:43:43,481 INFO  [restartedMain] JtaPlatformInitiator: HHH000490: Using JtaPlatform implementation: [org.hibernate.engine.transaction.jta.platform.internal.NoJtaPlatform]
2022-02-01 06:43:43,490 INFO  [restartedMain] LocalContainerEntityManagerFactoryBean: Initialized JPA EntityManagerFactory for persistence unit 'default'
2022-02-01 06:43:44,066 WARN  [restartedMain] JpaBaseConfiguration$JpaWebConfiguration: spring.jpa.open-in-view is enabled by default. Therefore, database queries may be performed during view rendering. Explicitly configure spring.jpa.open-in-view to disable this warning
2022-02-01 06:43:44,422 INFO  [restartedMain] OptionalLiveReloadServer: LiveReload server is running on port 35729
2022-02-01 06:43:44,434 INFO  [restartedMain] Http11NioProtocol: Starting ProtocolHandler ["http-nio-8081"]
2022-02-01 06:43:44,477 INFO  [restartedMain] TomcatWebServer: Tomcat started on port(s): 8081 (http) with context path ''
2022-02-01 06:43:44,489 INFO  [restartedMain] PokerApplication: Started PokerApplication in 4.305 seconds (JVM running for 4.987)
2022-02-01 06:43:49,275 INFO  [http-nio-8081-exec-1] [/]: Initializing Spring DispatcherServlet 'dispatcherServlet'
2022-02-01 06:43:49,275 INFO  [http-nio-8081-exec-1] DispatcherServlet: Initializing Servlet 'dispatcherServlet'
2022-02-01 06:43:49,276 INFO  [http-nio-8081-exec-1] DispatcherServlet: Completed initialization in 0 ms
2022-02-01 06:44:37,786 WARN  [http-nio-8081-exec-8] ResponseStatusExceptionResolver: Resolved [com.pokerrestapi.exception.SessionNotFoundException: Session not found]
2022-02-01 06:46:23,626 WARN  [http-nio-8081-exec-1] ResponseStatusExceptionResolver: Resolved [com.pokerrestapi.exception.UserStoryDeletionNotPermitted: UserStorycan't delete if voting status is voting or voted]
2022-02-01 06:46:29,488 WARN  [http-nio-8081-exec-3] ResponseStatusExceptionResolver: Resolved [com.pokerrestapi.exception.UserStoryDeletionNotPermitted: UserStorycan't delete if voting status is voting or voted]
2022-02-01 06:48:17,916 INFO  [Thread-6] LocalContainerEntityManagerFactoryBean: Closing JPA EntityManagerFactory for persistence unit 'default'
2022-02-01 06:48:17,917 INFO  [Thread-6] SchemaDropperImpl$DelayedDropActionImpl: HHH000477: Starting delayed evictData of schema as part of SessionFactory shut-down'
2022-02-01 06:48:18,138 WARN  [Thread-6] DisposableBeanAdapter: Invocation of destroy method failed on bean with name 'inMemoryDatabaseShutdownExecutor': org.h2.jdbc.JdbcSQLNonTransientConnectionException: Database is already closed (to disable automatic closing at VM shutdown, add ";DB_CLOSE_ON_EXIT=FALSE" to the db URL) [90121-200]
2022-02-01 06:48:18,138 INFO  [Thread-6] HikariDataSource: HikariPool-1 - Shutdown initiated...
2022-02-01 06:48:18,140 INFO  [Thread-6] HikariDataSource: HikariPool-1 - Shutdown completed.
2022-02-01 06:48:18,243 INFO  [restartedMain] PokerApplication: Starting PokerApplication using Java 17.0.1 on lin33004946 with PID 15476 (C:\Users\snehadc\git\pokersessionplanning\PokerRestApi\target\classes started by snehadc in C:\Users\snehadc\git\pokersessionplanning\PokerRestApi)
2022-02-01 06:48:18,244 INFO  [restartedMain] PokerApplication: No active profile set, falling back to default profiles: default
2022-02-01 06:48:18,486 INFO  [restartedMain] RepositoryConfigurationDelegate: Bootstrapping Spring Data JPA repositories in DEFAULT mode.
2022-02-01 06:48:18,510 INFO  [restartedMain] RepositoryConfigurationDelegate: Finished Spring Data repository scanning in 23 ms. Found 4 JPA repository interfaces.
2022-02-01 06:48:18,607 INFO  [restartedMain] TomcatWebServer: Tomcat initialized with port(s): 8081 (http)
2022-02-01 06:48:18,608 INFO  [restartedMain] Http11NioProtocol: Initializing ProtocolHandler ["http-nio-8081"]
2022-02-01 06:48:18,608 INFO  [restartedMain] StandardService: Starting service [Tomcat]
2022-02-01 06:48:18,609 INFO  [restartedMain] StandardEngine: Starting Servlet engine: [Apache Tomcat/9.0.55]
2022-02-01 06:48:18,626 INFO  [restartedMain] [/]: Initializing Spring embedded WebApplicationContext
2022-02-01 06:48:18,626 INFO  [restartedMain] ServletWebServerApplicationContext: Root WebApplicationContext: initialization completed in 377 ms
2022-02-01 06:48:18,641 INFO  [restartedMain] HikariDataSource: HikariPool-2 - Starting...
2022-02-01 06:48:18,644 INFO  [restartedMain] HikariDataSource: HikariPool-2 - Start completed.
2022-02-01 06:48:18,644 INFO  [restartedMain] H2ConsoleAutoConfiguration: H2 console available at '/h2-console'. Database available at 'jdbc:h2:mem:testdb'
2022-02-01 06:48:18,667 INFO  [restartedMain] LogHelper: HHH000204: Processing PersistenceUnitInfo [name: default]
2022-02-01 06:48:18,672 INFO  [restartedMain] Dialect: HHH000400: Using dialect: org.hibernate.dialect.H2Dialect
2022-02-01 06:48:18,738 INFO  [restartedMain] JtaPlatformInitiator: HHH000490: Using JtaPlatform implementation: [org.hibernate.engine.transaction.jta.platform.internal.NoJtaPlatform]
2022-02-01 06:48:18,739 INFO  [restartedMain] LocalContainerEntityManagerFactoryBean: Initialized JPA EntityManagerFactory for persistence unit 'default'
2022-02-01 06:48:18,873 WARN  [restartedMain] JpaBaseConfiguration$JpaWebConfiguration: spring.jpa.open-in-view is enabled by default. Therefore, database queries may be performed during view rendering. Explicitly configure spring.jpa.open-in-view to disable this warning
2022-02-01 06:48:18,968 INFO  [restartedMain] OptionalLiveReloadServer: LiveReload server is running on port 35729
2022-02-01 06:48:18,973 INFO  [restartedMain] Http11NioProtocol: Starting ProtocolHandler ["http-nio-8081"]
2022-02-01 06:48:18,977 INFO  [restartedMain] TomcatWebServer: Tomcat started on port(s): 8081 (http) with context path ''
2022-02-01 06:48:18,980 INFO  [restartedMain] PokerApplication: Started PokerApplication in 0.786 seconds (JVM running for 279.475)
2022-02-01 06:48:18,983 INFO  [restartedMain] ConditionEvaluationDeltaLoggingListener: Condition evaluation unchanged
2022-02-01 06:48:24,533 INFO  [Thread-8] LocalContainerEntityManagerFactoryBean: Closing JPA EntityManagerFactory for persistence unit 'default'
2022-02-01 06:48:24,534 INFO  [Thread-8] SchemaDropperImpl$DelayedDropActionImpl: HHH000477: Starting delayed evictData of schema as part of SessionFactory shut-down'
2022-02-01 06:48:24,751 WARN  [Thread-8] DisposableBeanAdapter: Invocation of destroy method failed on bean with name 'inMemoryDatabaseShutdownExecutor': org.h2.jdbc.JdbcSQLNonTransientConnectionException: Database is already closed (to disable automatic closing at VM shutdown, add ";DB_CLOSE_ON_EXIT=FALSE" to the db URL) [90121-200]
2022-02-01 06:48:24,752 INFO  [Thread-8] HikariDataSource: HikariPool-2 - Shutdown initiated...
2022-02-01 06:48:24,753 INFO  [Thread-8] HikariDataSource: HikariPool-2 - Shutdown completed.
2022-02-01 06:48:24,831 INFO  [restartedMain] PokerApplication: Starting PokerApplication using Java 17.0.1 on lin33004946 with PID 15476 (C:\Users\snehadc\git\pokersessionplanning\PokerRestApi\target\classes started by snehadc in C:\Users\snehadc\git\pokersessionplanning\PokerRestApi)
2022-02-01 06:48:24,832 INFO  [restartedMain] PokerApplication: No active profile set, falling back to default profiles: default
2022-02-01 06:48:25,000 INFO  [restartedMain] RepositoryConfigurationDelegate: Bootstrapping Spring Data JPA repositories in DEFAULT mode.
2022-02-01 06:48:25,023 INFO  [restartedMain] RepositoryConfigurationDelegate: Finished Spring Data repository scanning in 22 ms. Found 4 JPA repository interfaces.
2022-02-01 06:48:25,117 INFO  [restartedMain] TomcatWebServer: Tomcat initialized with port(s): 8081 (http)
2022-02-01 06:48:25,118 INFO  [restartedMain] Http11NioProtocol: Initializing ProtocolHandler ["http-nio-8081"]
2022-02-01 06:48:25,119 INFO  [restartedMain] StandardService: Starting service [Tomcat]
2022-02-01 06:48:25,119 INFO  [restartedMain] StandardEngine: Starting Servlet engine: [Apache Tomcat/9.0.55]
2022-02-01 06:48:25,139 INFO  [restartedMain] [/]: Initializing Spring embedded WebApplicationContext
2022-02-01 06:48:25,139 INFO  [restartedMain] ServletWebServerApplicationContext: Root WebApplicationContext: initialization completed in 304 ms
2022-02-01 06:48:25,150 INFO  [restartedMain] HikariDataSource: HikariPool-3 - Starting...
2022-02-01 06:48:25,153 INFO  [restartedMain] HikariDataSource: HikariPool-3 - Start completed.
2022-02-01 06:48:25,153 INFO  [restartedMain] H2ConsoleAutoConfiguration: H2 console available at '/h2-console'. Database available at 'jdbc:h2:mem:testdb'
2022-02-01 06:48:25,174 INFO  [restartedMain] LogHelper: HHH000204: Processing PersistenceUnitInfo [name: default]
2022-02-01 06:48:25,178 INFO  [restartedMain] Dialect: HHH000400: Using dialect: org.hibernate.dialect.H2Dialect
2022-02-01 06:48:25,255 INFO  [restartedMain] JtaPlatformInitiator: HHH000490: Using JtaPlatform implementation: [org.hibernate.engine.transaction.jta.platform.internal.NoJtaPlatform]
2022-02-01 06:48:25,255 INFO  [restartedMain] LocalContainerEntityManagerFactoryBean: Initialized JPA EntityManagerFactory for persistence unit 'default'
2022-02-01 06:48:25,388 WARN  [restartedMain] JpaBaseConfiguration$JpaWebConfiguration: spring.jpa.open-in-view is enabled by default. Therefore, database queries may be performed during view rendering. Explicitly configure spring.jpa.open-in-view to disable this warning
2022-02-01 06:48:25,463 INFO  [restartedMain] OptionalLiveReloadServer: LiveReload server is running on port 35729
2022-02-01 06:48:25,468 INFO  [restartedMain] Http11NioProtocol: Starting ProtocolHandler ["http-nio-8081"]
2022-02-01 06:48:25,473 INFO  [restartedMain] TomcatWebServer: Tomcat started on port(s): 8081 (http) with context path ''
2022-02-01 06:48:25,477 INFO  [restartedMain] PokerApplication: Started PokerApplication in 0.674 seconds (JVM running for 285.971)
2022-02-01 06:48:25,479 INFO  [restartedMain] ConditionEvaluationDeltaLoggingListener: Condition evaluation unchanged
